This file contains any messages produced by compilers while
running configure, to aid debugging if configure makes a mistake.

It was created by configure, which was
generated by GNU Autoconf 2.65.  Invocation command line was

  $ ./configure --with-srilm=/Data/Tools/Sources/srilm

## --------- ##
## Platform. ##
## --------- ##

hostname = tardis
uname -m = x86_64
uname -r = 2.6.32-27-generic
uname -s = Linux
uname -v = #49-Ubuntu SMP Thu Dec 2 00:51:09 UTC 2010

/usr/bin/uname -p = unknown
/bin/uname -X     = unknown

/bin/arch              = unknown
/usr/bin/arch -k       = unknown
/usr/convex/getsysinfo = unknown
/usr/bin/hostinfo      = unknown
/bin/machine           = unknown
/usr/bin/oslevel       = unknown
/bin/universe          = unknown

PATH: /usr/local/sbin
PATH: /usr/local/bin
PATH: /usr/sbin
PATH: /usr/bin
PATH: /sbin
PATH: /bin
PATH: /usr/games


## ----------- ##
## Core tests. ##
## ----------- ##

configure:2531: checking for a BSD-compatible install
configure:2599: result: /usr/bin/install -c
configure:2610: checking whether build environment is sane
configure:2660: result: yes
configure:2801: checking for a thread-safe mkdir -p
configure:2840: result: /bin/mkdir -p
configure:2853: checking for gawk
configure:2869: found /usr/bin/gawk
configure:2880: result: gawk
configure:2891: checking whether make sets $(MAKE)
configure:2913: result: yes
configure:3054: checking for g++
configure:3070: found /usr/bin/g++
configure:3081: result: g++
configure:3108: checking for C++ compiler version
configure:3117: g++ --version >&5
g++ (Ubuntu 4.4.3-4ubuntu5) 4.4.3
Copyright (C) 2009 Free Software Foundation, Inc.
This is free software; see the source for copying conditions.  There is NO
warranty; not even for MERCHANTABILITY or FITNESS FOR A PARTICULAR PURPOSE.

configure:3128: $? = 0
configure:3117: g++ -v >&5
Using built-in specs.
Target: x86_64-linux-gnu
Configured with: ../src/configure -v --with-pkgversion='Ubuntu 4.4.3-4ubuntu5' --with-bugurl=file:///usr/share/doc/gcc-4.4/README.Bugs --enable-languages=c,c++,fortran,objc,obj-c++ --prefix=/usr --enable-shared --enable-multiarch --enable-linker-build-id --with-system-zlib --libexecdir=/usr/lib --without-included-gettext --enable-threads=posix --with-gxx-include-dir=/usr/include/c++/4.4 --program-suffix=-4.4 --enable-nls --enable-clocale=gnu --enable-libstdcxx-debug --enable-plugin --enable-objc-gc --disable-werror --with-arch-32=i486 --with-tune=generic --enable-checking=release --build=x86_64-linux-gnu --host=x86_64-linux-gnu --target=x86_64-linux-gnu
Thread model: posix
gcc version 4.4.3 (Ubuntu 4.4.3-4ubuntu5) 
configure:3128: $? = 0
configure:3117: g++ -V >&5
g++: '-V' option must have argument
configure:3128: $? = 1
configure:3117: g++ -qversion >&5
g++: unrecognized option '-qversion'
g++: no input files
configure:3128: $? = 1
configure:3148: checking whether the C++ compiler works
configure:3170: g++    conftest.cpp  >&5
configure:3174: $? = 0
configure:3223: result: yes
configure:3226: checking for C++ compiler default output file name
configure:3228: result: a.out
configure:3234: checking for suffix of executables
configure:3241: g++ -o conftest    conftest.cpp  >&5
configure:3245: $? = 0
configure:3267: result: 
configure:3289: checking whether we are cross compiling
configure:3297: g++ -o conftest    conftest.cpp  >&5
configure:3301: $? = 0
configure:3308: ./conftest
configure:3312: $? = 0
configure:3327: result: no
configure:3332: checking for suffix of object files
configure:3354: g++ -c   conftest.cpp >&5
configure:3358: $? = 0
configure:3379: result: o
configure:3383: checking whether we are using the GNU C++ compiler
configure:3402: g++ -c   conftest.cpp >&5
configure:3402: $? = 0
configure:3411: result: yes
configure:3420: checking whether g++ accepts -g
configure:3440: g++ -c -g  conftest.cpp >&5
configure:3440: $? = 0
configure:3481: result: yes
configure:3515: checking for style of include used by make
configure:3543: result: GNU
configure:3568: checking dependency style of g++
configure:3678: result: gcc3
configure:3698: checking how to run the C++ preprocessor
configure:3725: g++ -E  conftest.cpp
configure:3725: $? = 0
configure:3739: g++ -E  conftest.cpp
conftest.cpp:11:28: error: ac_nonexistent.h: No such file or directory
configure:3739: $? = 1
configure: failed program was:
| /* confdefs.h */
| #define PACKAGE_NAME ""
| #define PACKAGE_TARNAME ""
| #define PACKAGE_VERSION ""
| #define PACKAGE_STRING ""
| #define PACKAGE_BUGREPORT ""
| #define PACKAGE_URL ""
| #define PACKAGE "moses"
| #define VERSION "0.1"
| /* end confdefs.h.  */
| #include <ac_nonexistent.h>
configure:3764: result: g++ -E
configure:3784: g++ -E  conftest.cpp
configure:3784: $? = 0
configure:3798: g++ -E  conftest.cpp
conftest.cpp:11:28: error: ac_nonexistent.h: No such file or directory
configure:3798: $? = 1
configure: failed program was:
| /* confdefs.h */
| #define PACKAGE_NAME ""
| #define PACKAGE_TARNAME ""
| #define PACKAGE_VERSION ""
| #define PACKAGE_STRING ""
| #define PACKAGE_BUGREPORT ""
| #define PACKAGE_URL ""
| #define PACKAGE "moses"
| #define VERSION "0.1"
| /* end confdefs.h.  */
| #include <ac_nonexistent.h>
configure:3893: checking build system type
configure:3907: result: x86_64-unknown-linux-gnu
configure:3927: checking host system type
configure:3940: result: x86_64-unknown-linux-gnu
configure:4008: checking for gcc
configure:4024: found /usr/bin/gcc
configure:4035: result: gcc
configure:4264: checking for C compiler version
configure:4273: gcc --version >&5
gcc (Ubuntu 4.4.3-4ubuntu5) 4.4.3
Copyright (C) 2009 Free Software Foundation, Inc.
This is free software; see the source for copying conditions.  There is NO
warranty; not even for MERCHANTABILITY or FITNESS FOR A PARTICULAR PURPOSE.

configure:4284: $? = 0
configure:4273: gcc -v >&5
Using built-in specs.
Target: x86_64-linux-gnu
Configured with: ../src/configure -v --with-pkgversion='Ubuntu 4.4.3-4ubuntu5' --with-bugurl=file:///usr/share/doc/gcc-4.4/README.Bugs --enable-languages=c,c++,fortran,objc,obj-c++ --prefix=/usr --enable-shared --enable-multiarch --enable-linker-build-id --with-system-zlib --libexecdir=/usr/lib --without-included-gettext --enable-threads=posix --with-gxx-include-dir=/usr/include/c++/4.4 --program-suffix=-4.4 --enable-nls --enable-clocale=gnu --enable-libstdcxx-debug --enable-plugin --enable-objc-gc --disable-werror --with-arch-32=i486 --with-tune=generic --enable-checking=release --build=x86_64-linux-gnu --host=x86_64-linux-gnu --target=x86_64-linux-gnu
Thread model: posix
gcc version 4.4.3 (Ubuntu 4.4.3-4ubuntu5) 
configure:4284: $? = 0
configure:4273: gcc -V >&5
gcc: '-V' option must have argument
configure:4284: $? = 1
configure:4273: gcc -qversion >&5
gcc: unrecognized option '-qversion'
gcc: no input files
configure:4284: $? = 1
configure:4288: checking whether we are using the GNU C compiler
configure:4307: gcc -c   conftest.c >&5
configure:4307: $? = 0
configure:4316: result: yes
configure:4325: checking whether gcc accepts -g
configure:4345: gcc -c -g  conftest.c >&5
configure:4345: $? = 0
configure:4386: result: yes
configure:4403: checking for gcc option to accept ISO C89
configure:4467: gcc  -c -g -O2  conftest.c >&5
configure:4467: $? = 0
configure:4480: result: none needed
configure:4502: checking dependency style of gcc
configure:4612: result: gcc3
configure:4627: checking for a sed that does not truncate output
configure:4691: result: /bin/sed
configure:4709: checking for grep that handles long lines and -e
configure:4767: result: /bin/grep
configure:4772: checking for egrep
configure:4834: result: /bin/grep -E
configure:4839: checking for fgrep
configure:4901: result: /bin/grep -F
configure:4936: checking for ld used by gcc
configure:5003: result: /usr/bin/ld
configure:5010: checking if the linker (/usr/bin/ld) is GNU ld
configure:5025: result: yes
configure:5037: checking for BSD- or MS-compatible name lister (nm)
configure:5086: result: /usr/bin/nm -B
configure:5204: checking the name lister (/usr/bin/nm -B) interface
configure:5211: g++ -c -g -O2  conftest.cpp >&5
configure:5214: /usr/bin/nm -B "conftest.o"
configure:5217: output
0000000000000000 B some_variable
configure:5224: result: BSD nm
configure:5227: checking whether ln -s works
configure:5231: result: yes
configure:5239: checking the maximum length of command line arguments
configure:5359: result: 1572864
configure:5376: checking whether the shell understands some XSI constructs
configure:5386: result: yes
configure:5390: checking whether the shell understands "+="
configure:5396: result: yes
configure:5431: checking for /usr/bin/ld option to reload object files
configure:5438: result: -r
configure:5507: checking for objdump
configure:5523: found /usr/bin/objdump
configure:5534: result: objdump
configure:5566: checking how to recognize dependent libraries
configure:5762: result: pass_all
configure:5822: checking for ar
configure:5838: found /usr/bin/ar
configure:5849: result: ar
configure:5927: checking for strip
configure:5943: found /usr/bin/strip
configure:5954: result: strip
configure:6026: checking for ranlib
configure:6042: found /usr/bin/ranlib
configure:6053: result: ranlib
configure:6143: checking command to parse /usr/bin/nm -B output from gcc object
configure:6261: g++ -c -g -O2  conftest.cpp >&5
configure:6264: $? = 0
configure:6268: /usr/bin/nm -B conftest.o \| sed -n -e 's/^.*[	 ]\([ABCDGIRSTW][ABCDGIRSTW]*\)[	 ][	 ]*\([_A-Za-z][_A-Za-z0-9]*\)$/\1 \2 \2/p' \> conftest.nm
configure:6271: $? = 0
configure:6325: g++ -o conftest -g -O2   conftest.cpp conftstm.o >&5
configure:6328: $? = 0
configure:6366: result: ok
configure:6462: g++ -c -g -O2  conftest.cpp >&5
configure:6465: $? = 0
configure:7175: checking how to run the C preprocessor
configure:7206: gcc -E  conftest.c
configure:7206: $? = 0
configure:7220: gcc -E  conftest.c
conftest.c:11:28: error: ac_nonexistent.h: No such file or directory
configure:7220: $? = 1
configure: failed program was:
| /* confdefs.h */
| #define PACKAGE_NAME ""
| #define PACKAGE_TARNAME ""
| #define PACKAGE_VERSION ""
| #define PACKAGE_STRING ""
| #define PACKAGE_BUGREPORT ""
| #define PACKAGE_URL ""
| #define PACKAGE "moses"
| #define VERSION "0.1"
| /* end confdefs.h.  */
| #include <ac_nonexistent.h>
configure:7245: result: gcc -E
configure:7265: gcc -E  conftest.c
configure:7265: $? = 0
configure:7279: gcc -E  conftest.c
conftest.c:11:28: error: ac_nonexistent.h: No such file or directory
configure:7279: $? = 1
configure: failed program was:
| /* confdefs.h */
| #define PACKAGE_NAME ""
| #define PACKAGE_TARNAME ""
| #define PACKAGE_VERSION ""
| #define PACKAGE_STRING ""
| #define PACKAGE_BUGREPORT ""
| #define PACKAGE_URL ""
| #define PACKAGE "moses"
| #define VERSION "0.1"
| /* end confdefs.h.  */
| #include <ac_nonexistent.h>
configure:7308: checking for ANSI C header files
configure:7328: gcc -c -g -O2  conftest.c >&5
configure:7328: $? = 0
configure:7401: gcc -o conftest -g -O2   conftest.c  >&5
configure:7401: $? = 0
configure:7401: ./conftest
configure:7401: $? = 0
configure:7412: result: yes
configure:7425: checking for sys/types.h
configure:7425: gcc -c -g -O2  conftest.c >&5
configure:7425: $? = 0
configure:7425: result: yes
configure:7425: checking for sys/stat.h
configure:7425: gcc -c -g -O2  conftest.c >&5
configure:7425: $? = 0
configure:7425: result: yes
configure:7425: checking for stdlib.h
configure:7425: gcc -c -g -O2  conftest.c >&5
configure:7425: $? = 0
configure:7425: result: yes
configure:7425: checking for string.h
configure:7425: gcc -c -g -O2  conftest.c >&5
configure:7425: $? = 0
configure:7425: result: yes
configure:7425: checking for memory.h
configure:7425: gcc -c -g -O2  conftest.c >&5
configure:7425: $? = 0
configure:7425: result: yes
configure:7425: checking for strings.h
configure:7425: gcc -c -g -O2  conftest.c >&5
configure:7425: $? = 0
configure:7425: result: yes
configure:7425: checking for inttypes.h
configure:7425: gcc -c -g -O2  conftest.c >&5
configure:7425: $? = 0
configure:7425: result: yes
configure:7425: checking for stdint.h
configure:7425: gcc -c -g -O2  conftest.c >&5
configure:7425: $? = 0
configure:7425: result: yes
configure:7425: checking for unistd.h
configure:7425: gcc -c -g -O2  conftest.c >&5
configure:7425: $? = 0
configure:7425: result: yes
configure:7440: checking for dlfcn.h
configure:7440: gcc -c -g -O2  conftest.c >&5
configure:7440: $? = 0
configure:7440: result: yes
configure:7565: checking for C++ compiler version
configure:7574: g++ --version >&5
g++ (Ubuntu 4.4.3-4ubuntu5) 4.4.3
Copyright (C) 2009 Free Software Foundation, Inc.
This is free software; see the source for copying conditions.  There is NO
warranty; not even for MERCHANTABILITY or FITNESS FOR A PARTICULAR PURPOSE.

configure:7585: $? = 0
configure:7574: g++ -v >&5
Using built-in specs.
Target: x86_64-linux-gnu
Configured with: ../src/configure -v --with-pkgversion='Ubuntu 4.4.3-4ubuntu5' --with-bugurl=file:///usr/share/doc/gcc-4.4/README.Bugs --enable-languages=c,c++,fortran,objc,obj-c++ --prefix=/usr --enable-shared --enable-multiarch --enable-linker-build-id --with-system-zlib --libexecdir=/usr/lib --without-included-gettext --enable-threads=posix --with-gxx-include-dir=/usr/include/c++/4.4 --program-suffix=-4.4 --enable-nls --enable-clocale=gnu --enable-libstdcxx-debug --enable-plugin --enable-objc-gc --disable-werror --with-arch-32=i486 --with-tune=generic --enable-checking=release --build=x86_64-linux-gnu --host=x86_64-linux-gnu --target=x86_64-linux-gnu
Thread model: posix
gcc version 4.4.3 (Ubuntu 4.4.3-4ubuntu5) 
configure:7585: $? = 0
configure:7574: g++ -V >&5
g++: '-V' option must have argument
configure:7585: $? = 1
configure:7574: g++ -qversion >&5
g++: unrecognized option '-qversion'
g++: no input files
configure:7585: $? = 1
configure:7589: checking whether we are using the GNU C++ compiler
configure:7617: result: yes
configure:7626: checking whether g++ accepts -g
configure:7687: result: yes
configure:7712: checking dependency style of g++
configure:7822: result: gcc3
configure:7845: checking how to run the C++ preprocessor
configure:7911: result: g++ -E
configure:7931: g++ -E  conftest.cpp
configure:7931: $? = 0
configure:7945: g++ -E  conftest.cpp
conftest.cpp:22:28: error: ac_nonexistent.h: No such file or directory
configure:7945: $? = 1
configure: failed program was:
| /* confdefs.h */
| #define PACKAGE_NAME ""
| #define PACKAGE_TARNAME ""
| #define PACKAGE_VERSION ""
| #define PACKAGE_STRING ""
| #define PACKAGE_BUGREPORT ""
| #define PACKAGE_URL ""
| #define PACKAGE "moses"
| #define VERSION "0.1"
| #define STDC_HEADERS 1
| #define HAVE_SYS_TYPES_H 1
| #define HAVE_SYS_STAT_H 1
| #define HAVE_STDLIB_H 1
| #define HAVE_STRING_H 1
| #define HAVE_MEMORY_H 1
| #define HAVE_STRINGS_H 1
| #define HAVE_INTTYPES_H 1
| #define HAVE_STDINT_H 1
| #define HAVE_UNISTD_H 1
| #define HAVE_DLFCN_H 1
| /* end confdefs.h.  */
| #include <ac_nonexistent.h>
configure:8121: checking for objdir
configure:8136: result: .libs
configure:8432: checking if gcc supports -fno-rtti -fno-exceptions
configure:8450: gcc -c -g -O2  -fno-rtti -fno-exceptions conftest.c >&5
cc1: warning: command line option "-fno-rtti" is valid for C++/ObjC++ but not for C
configure:8454: $? = 0
configure:8467: result: no
configure:8487: checking for gcc option to produce PIC
configure:8759: result: -fPIC -DPIC
configure:8771: checking if gcc PIC flag -fPIC -DPIC works
configure:8789: gcc -c -g -O2  -fPIC -DPIC -DPIC conftest.c >&5
configure:8793: $? = 0
configure:8806: result: yes
configure:8830: checking if gcc static flag -static works
configure:8858: result: yes
configure:8873: checking if gcc supports -c -o file.o
configure:8894: gcc -c -g -O2  -o out/conftest2.o conftest.c >&5
configure:8898: $? = 0
configure:8920: result: yes
configure:8928: checking if gcc supports -c -o file.o
configure:8975: result: yes
configure:9008: checking whether the gcc linker (/usr/bin/ld -m elf_x86_64) supports shared libraries
configure:9999: result: yes
configure:10238: checking dynamic linker characteristics
configure:10671: gcc -o conftest -g -O2   -Wl,-rpath -Wl,/foo conftest.c  >&5
configure:10671: $? = 0
configure:10901: result: GNU/Linux ld.so
configure:11003: checking how to hardcode library paths into programs
configure:11028: result: immediate
configure:11548: checking whether stripping libraries is possible
configure:11553: result: yes
configure:11588: checking if libtool supports shared libraries
configure:11590: result: yes
configure:11593: checking whether to build shared libraries
configure:11614: result: no
configure:11617: checking whether to build static libraries
configure:11621: result: yes
configure:11771: checking for ld used by g++
configure:11838: result: /usr/bin/ld -m elf_x86_64
configure:11845: checking if the linker (/usr/bin/ld -m elf_x86_64) is GNU ld
configure:11860: result: yes
configure:11915: checking whether the g++ linker (/usr/bin/ld -m elf_x86_64) supports shared libraries
configure:12828: result: yes
configure:12856: g++ -c -g -O2  conftest.cpp >&5
configure:12859: $? = 0
configure:13041: checking for g++ option to produce PIC
configure:13358: result: -fPIC -DPIC
configure:13367: checking if g++ PIC flag -fPIC -DPIC works
configure:13385: g++ -c -g -O2  -fPIC -DPIC -DPIC conftest.cpp >&5
configure:13389: $? = 0
configure:13402: result: yes
configure:13423: checking if g++ static flag -static works
configure:13451: result: yes
configure:13463: checking if g++ supports -c -o file.o
configure:13484: g++ -c -g -O2  -o out/conftest2.o conftest.cpp >&5
configure:13488: $? = 0
configure:13510: result: yes
configure:13515: checking if g++ supports -c -o file.o
configure:13562: result: yes
configure:13592: checking whether the g++ linker (/usr/bin/ld -m elf_x86_64) supports shared libraries
configure:13621: result: yes
configure:13758: checking dynamic linker characteristics
configure:14139: g++ -o conftest -g -O2   -Wl,-rpath -Wl,/foo conftest.cpp  >&5
configure:14139: $? = 0
configure:14369: result: GNU/Linux ld.so
configure:14420: checking how to hardcode library paths into programs
configure:14445: result: immediate
configure:14507: checking for XMLRPC-C
configure:14577: result: ignored
configure:14762: trace enabled (default)
configure:15407: Building non-threaded moses. This will disable the moses server
configure:15487: checking Ngram.h usability
configure:15487: g++ -c -g -O2  -DTRACE_ENABLE=1 -I/Data/Tools/Sources/srilm/include conftest.cpp >&5
configure:15487: $? = 0
configure:15487: result: yes
configure:15487: checking Ngram.h presence
configure:15487: g++ -E  -DTRACE_ENABLE=1 -I/Data/Tools/Sources/srilm/include conftest.cpp
configure:15487: $? = 0
configure:15487: result: yes
configure:15487: checking for Ngram.h
configure:15487: result: yes
configure:15512: checking for trigram_init in -loolm
configure:15537: g++ -o conftest -g -O2  -DTRACE_ENABLE=1 -I/Data/Tools/Sources/srilm/include  -L/Data/Tools/Sources/srilm/lib/i686 -L/Data/Tools/Sources/srilm/flm/obj/i686 conftest.cpp -loolm   -loolm -ldstruct -lmisc -lflm >&5
configure:15537: $? = 0
configure:15546: result: yes
configure:15618: checking lm/model.hh usability
configure:15618: g++ -c -g -O2  -DTRACE_ENABLE=1 -I/Data/Tools/Sources/srilm/include -I/Data/Tools/Sources/mosesdecoder/branches/mert-other_metrics/kenlm conftest.cpp >&5
configure:15618: $? = 0
configure:15618: result: yes
configure:15618: checking lm/model.hh presence
configure:15618: g++ -E  -DTRACE_ENABLE=1 -I/Data/Tools/Sources/srilm/include -I/Data/Tools/Sources/mosesdecoder/branches/mert-other_metrics/kenlm conftest.cpp
configure:15618: $? = 0
configure:15618: result: yes
configure:15618: checking for lm/model.hh
configure:15618: result: yes
configure:15691: checking getopt.h usability
configure:15691: g++ -c -g -O2  -DTRACE_ENABLE=1 -I/Data/Tools/Sources/srilm/include -I/Data/Tools/Sources/mosesdecoder/branches/mert-other_metrics/kenlm conftest.cpp >&5
configure:15691: $? = 0
configure:15691: result: yes
configure:15691: checking getopt.h presence
configure:15691: g++ -E  -DTRACE_ENABLE=1 -I/Data/Tools/Sources/srilm/include -I/Data/Tools/Sources/mosesdecoder/branches/mert-other_metrics/kenlm conftest.cpp
configure:15691: $? = 0
configure:15691: result: yes
configure:15691: checking for getopt.h
configure:15691: result: yes
configure:15730: Disabling server
configure:15944: creating ./config.status

## ---------------------- ##
## Running config.status. ##
## ---------------------- ##

This file was extended by config.status, which was
generated by GNU Autoconf 2.65.  Invocation command line was

  CONFIG_FILES    = 
  CONFIG_HEADERS  = 
  CONFIG_LINKS    = 
  CONFIG_COMMANDS = 
  $ ./config.status 

on tardis

config.status:1166: creating Makefile
config.status:1166: creating OnDiskPt/src/Makefile
config.status:1166: creating moses/src/Makefile
config.status:1166: creating moses-chart/src/Makefile
config.status:1166: creating moses-cmd/src/Makefile
config.status:1166: creating moses-chart-cmd/src/Makefile
config.status:1166: creating misc/Makefile
config.status:1166: creating mert/Makefile
config.status:1166: creating server/Makefile
config.status:1166: creating CreateOnDisk/src/Makefile
config.status:1166: creating kenlm/Makefile
config.status:1166: creating config.h
config.status:1338: config.h is unchanged
config.status:1386: executing depfiles commands
config.status:1386: executing libtool commands

## ---------------- ##
## Cache variables. ##
## ---------------- ##

ac_cv_build=x86_64-unknown-linux-gnu
ac_cv_c_compiler_gnu=yes
ac_cv_cxx_compiler_gnu=yes
ac_cv_env_BOOST_ROOT_set=
ac_cv_env_BOOST_ROOT_value=
ac_cv_env_CCC_set=
ac_cv_env_CCC_value=
ac_cv_env_CC_set=
ac_cv_env_CC_value=
ac_cv_env_CFLAGS_set=
ac_cv_env_CFLAGS_value=
ac_cv_env_CPPFLAGS_set=
ac_cv_env_CPPFLAGS_value=
ac_cv_env_CPP_set=
ac_cv_env_CPP_value=
ac_cv_env_CXXCPP_set=
ac_cv_env_CXXCPP_value=
ac_cv_env_CXXFLAGS_set=
ac_cv_env_CXXFLAGS_value=
ac_cv_env_CXX_set=
ac_cv_env_CXX_value=
ac_cv_env_LDFLAGS_set=
ac_cv_env_LDFLAGS_value=
ac_cv_env_LIBS_set=
ac_cv_env_LIBS_value=
ac_cv_env_build_alias_set=
ac_cv_env_build_alias_value=
ac_cv_env_host_alias_set=
ac_cv_env_host_alias_value=
ac_cv_env_target_alias_set=
ac_cv_env_target_alias_value=
ac_cv_header_Ngram_h=yes
ac_cv_header_dlfcn_h=yes
ac_cv_header_getopt_h=yes
ac_cv_header_inttypes_h=yes
ac_cv_header_lm_model_hh=yes
ac_cv_header_memory_h=yes
ac_cv_header_stdc=yes
ac_cv_header_stdint_h=yes
ac_cv_header_stdlib_h=yes
ac_cv_header_string_h=yes
ac_cv_header_strings_h=yes
ac_cv_header_sys_stat_h=yes
ac_cv_header_sys_types_h=yes
ac_cv_header_unistd_h=yes
ac_cv_host=x86_64-unknown-linux-gnu
ac_cv_lib_oolm_trigram_init=yes
ac_cv_objext=o
ac_cv_path_EGREP='/bin/grep -E'
ac_cv_path_FGREP='/bin/grep -F'
ac_cv_path_GREP=/bin/grep
ac_cv_path_SED=/bin/sed
ac_cv_path_install='/usr/bin/install -c'
ac_cv_path_mkdir=/bin/mkdir
ac_cv_prog_AWK=gawk
ac_cv_prog_CPP='gcc -E'
ac_cv_prog_CXXCPP='g++ -E'
ac_cv_prog_ac_ct_AR=ar
ac_cv_prog_ac_ct_CC=gcc
ac_cv_prog_ac_ct_CXX=g++
ac_cv_prog_ac_ct_OBJDUMP=objdump
ac_cv_prog_ac_ct_RANLIB=ranlib
ac_cv_prog_ac_ct_STRIP=strip
ac_cv_prog_cc_c89=
ac_cv_prog_cc_g=yes
ac_cv_prog_cxx_g=yes
ac_cv_prog_make_make_set=yes
am_cv_CC_dependencies_compiler_type=gcc3
am_cv_CXX_dependencies_compiler_type=gcc3
lt_cv_deplibs_check_method=pass_all
lt_cv_file_magic_cmd='$MAGIC_CMD'
lt_cv_file_magic_test_file=
lt_cv_ld_reload_flag=-r
lt_cv_nm_interface='BSD nm'
lt_cv_objdir=.libs
lt_cv_path_LD=/usr/bin/ld
lt_cv_path_LDCXX='/usr/bin/ld -m elf_x86_64'
lt_cv_path_NM='/usr/bin/nm -B'
lt_cv_prog_compiler_c_o=yes
lt_cv_prog_compiler_c_o_CXX=yes
lt_cv_prog_compiler_pic_works=yes
lt_cv_prog_compiler_pic_works_CXX=yes
lt_cv_prog_compiler_rtti_exceptions=no
lt_cv_prog_compiler_static_works=yes
lt_cv_prog_compiler_static_works_CXX=yes
lt_cv_prog_gnu_ld=yes
lt_cv_prog_gnu_ldcxx=yes
lt_cv_sys_global_symbol_pipe='sed -n -e '\''s/^.*[	 ]\([ABCDGIRSTW][ABCDGIRSTW]*\)[	 ][	 ]*\([_A-Za-z][_A-Za-z0-9]*\)$/\1 \2 \2/p'\'''
lt_cv_sys_global_symbol_to_c_name_address='sed -n -e '\''s/^: \([^ ]*\) $/  {\"\1\", (void *) 0},/p'\'' -e '\''s/^[ABCDGIRSTW]* \([^ ]*\) \([^ ]*\)$/  {"\2", (void *) \&\2},/p'\'''
lt_cv_sys_global_symbol_to_c_name_address_lib_prefix='sed -n -e '\''s/^: \([^ ]*\) $/  {\"\1\", (void *) 0},/p'\'' -e '\''s/^[ABCDGIRSTW]* \([^ ]*\) \(lib[^ ]*\)$/  {"\2", (void *) \&\2},/p'\'' -e '\''s/^[ABCDGIRSTW]* \([^ ]*\) \([^ ]*\)$/  {"lib\2", (void *) \&\2},/p'\'''
lt_cv_sys_global_symbol_to_cdecl='sed -n -e '\''s/^T .* \(.*\)$/extern int \1();/p'\'' -e '\''s/^[ABCDGIRSTW]* .* \(.*\)$/extern char \1;/p'\'''
lt_cv_sys_max_cmd_len=1572864

## ----------------- ##
## Output variables. ##
## ----------------- ##

ACLOCAL='${SHELL} /Data/Tools/Sources/mosesdecoder/branches/mert-other_metrics/missing --run aclocal-1.11'
AMDEPBACKSLASH='\'
AMDEP_FALSE='#'
AMDEP_TRUE=''
AMTAR='${SHELL} /Data/Tools/Sources/mosesdecoder/branches/mert-other_metrics/missing --run tar'
AR='ar'
AUTOCONF='${SHELL} /Data/Tools/Sources/mosesdecoder/branches/mert-other_metrics/missing --run autoconf'
AUTOHEADER='${SHELL} /Data/Tools/Sources/mosesdecoder/branches/mert-other_metrics/missing --run autoheader'
AUTOMAKE='${SHELL} /Data/Tools/Sources/mosesdecoder/branches/mert-other_metrics/missing --run automake-1.11'
AWK='gawk'
BOOST_CPPFLAGS=''
BOOST_ROOT=''
BOOST_THREAD_LDFLAGS=''
BOOST_THREAD_LIBS=''
CC='gcc'
CCDEPMODE='depmode=gcc3'
CFLAGS='-g -O2'
CPP='gcc -E'
CPPFLAGS=' -DTRACE_ENABLE=1 -I/Data/Tools/Sources/srilm/include -I/Data/Tools/Sources/mosesdecoder/branches/mert-other_metrics/kenlm'
CXX='g++'
CXXCPP='g++ -E'
CXXDEPMODE='depmode=gcc3'
CXXFLAGS='-g -O2'
CYGPATH_W='echo'
DEFS='-DHAVE_CONFIG_H'
DEPDIR='.deps'
DISTCHECK_CONFIGURE_FLAGS=''
DSYMUTIL=''
DUMPBIN=''
ECHO_C=''
ECHO_N='-n'
ECHO_T=''
EGREP='/bin/grep -E'
EXEEXT=''
FGREP='/bin/grep -F'
GREP='/bin/grep'
INSTALL_DATA='${INSTALL} -m 644'
INSTALL_PROGRAM='${INSTALL}'
INSTALL_SCRIPT='${INSTALL}'
INSTALL_STRIP_PROGRAM='$(install_sh) -c -s'
INTERNAL_LM_FALSE=''
INTERNAL_LM_TRUE='#'
IRST_LM_FALSE=''
IRST_LM_TRUE='#'
KENLM_DEPS='$(top_srcdir)/kenlm/libkenlm.la'
KENLM_LDFLAGS='-L$(top_srcdir)/kenlm -lkenlm -lz'
KEN_LM_FALSE='#'
KEN_LM_TRUE=''
LD='/usr/bin/ld -m elf_x86_64'
LDFLAGS=' -L/Data/Tools/Sources/srilm/lib/i686 -L/Data/Tools/Sources/srilm/flm/obj/i686'
LIBOBJS=''
LIBS='-loolm  -loolm -ldstruct -lmisc -lflm -lz'
LIBTOOL='$(SHELL) $(top_builddir)/libtool'
LIPO=''
LN_S='ln -s'
LTLIBOBJS=''
MAKEINFO='${SHELL} /Data/Tools/Sources/mosesdecoder/branches/mert-other_metrics/missing --run makeinfo'
MKDIR_P='/bin/mkdir -p'
NM='/usr/bin/nm -B'
NMEDIT=''
OBJDUMP='objdump'
OBJEXT='o'
OTOOL64=''
OTOOL=''
PACKAGE='moses'
PACKAGE_BUGREPORT=''
PACKAGE_NAME=''
PACKAGE_STRING=''
PACKAGE_TARNAME=''
PACKAGE_URL=''
PACKAGE_VERSION=''
PATH_SEPARATOR=':'
PROTOBUF_FALSE=''
PROTOBUF_TRUE='#'
PROTOC=''
RAND_LM_FALSE=''
RAND_LM_TRUE='#'
RANLIB='ranlib'
SED='/bin/sed'
SET_MAKE=''
SHELL='/bin/bash'
SRI_LM_FALSE='#'
SRI_LM_TRUE=''
STRIP='strip'
VERSION='0.1'
WITH_MERT_FALSE='#'
WITH_MERT_TRUE=''
WITH_SERVER_FALSE=''
WITH_SERVER_TRUE='#'
WITH_THREADS_FALSE=''
WITH_THREADS_TRUE='#'
XMLRPC_C_CPPFLAGS=''
XMLRPC_C_LIBS=''
ac_ct_CC='gcc'
ac_ct_CXX='g++'
ac_ct_DUMPBIN=''
am__EXEEXT_FALSE=''
am__EXEEXT_TRUE='#'
am__fastdepCC_FALSE=''
am__fastdepCC_TRUE='#'
am__fastdepCXX_FALSE='#'
am__fastdepCXX_TRUE=''
am__include='include'
am__isrc=''
am__leading_dot='.'
am__quote=''
am__tar='${AMTAR} chof - "$$tardir"'
am__untar='${AMTAR} xf -'
bindir='${exec_prefix}/bin'
build='x86_64-unknown-linux-gnu'
build_alias=''
build_cpu='x86_64'
build_os='linux-gnu'
build_vendor='unknown'
datadir='${datarootdir}'
datarootdir='${prefix}/share'
docdir='${datarootdir}/doc/${PACKAGE}'
dvidir='${docdir}'
exec_prefix='${prefix}'
host='x86_64-unknown-linux-gnu'
host_alias=''
host_cpu='x86_64'
host_os='linux-gnu'
host_vendor='unknown'
htmldir='${docdir}'
includedir='${prefix}/include'
infodir='${datarootdir}/info'
install_sh='${SHELL} /Data/Tools/Sources/mosesdecoder/branches/mert-other_metrics/install-sh'
libdir='${exec_prefix}/lib'
libexecdir='${exec_prefix}/libexec'
localedir='${datarootdir}/locale'
localstatedir='${prefix}/var'
lt_ECHO='echo'
mandir='${datarootdir}/man'
mkdir_p='/bin/mkdir -p'
oldincludedir='/usr/include'
pdfdir='${docdir}'
prefix='/usr/local'
program_transform_name='s,x,x,'
psdir='${docdir}'
sbindir='${exec_prefix}/sbin'
sharedstatedir='${prefix}/com'
sysconfdir='${prefix}/etc'
target_alias=''

## ----------- ##
## confdefs.h. ##
## ----------- ##

/* confdefs.h */
#define PACKAGE_NAME ""
#define PACKAGE_TARNAME ""
#define PACKAGE_VERSION ""
#define PACKAGE_STRING ""
#define PACKAGE_BUGREPORT ""
#define PACKAGE_URL ""
#define PACKAGE "moses"
#define VERSION "0.1"
#define STDC_HEADERS 1
#define HAVE_SYS_TYPES_H 1
#define HAVE_SYS_STAT_H 1
#define HAVE_STDLIB_H 1
#define HAVE_STRING_H 1
#define HAVE_MEMORY_H 1
#define HAVE_STRINGS_H 1
#define HAVE_INTTYPES_H 1
#define HAVE_STDINT_H 1
#define HAVE_UNISTD_H 1
#define HAVE_DLFCN_H 1
#define LT_OBJDIR ".libs/"
#define HAVE_SRILM /**/
#define HAVE_LIBOOLM 1
#define HAVE_KENLM /**/
#define HAVE_GETOPT_H 1

configure: exit 0
