*** point 0 ***
starting point: 1.000000 0.062382 0.122074 => 0.327601
  direction: 1.000000 0.000000 0.000000
  ending point: -0.044940 0.062382 0.122074 => 0.389376
starting point: 1.000000 0.062382 0.122074 => 0.327601
  direction: 0.000000 1.000000 0.000000
  ending point: 1.000000 -1000.329712 0.122074 => 0.378262
starting point: 1.000000 0.062382 0.122074 => 0.327601
  direction: 0.000000 0.000000 1.000000
  ending point: 1.000000 0.062382 1.444895 => 0.389376
starting point: -0.044940 0.062382 0.122074 => 0.389376
  direction: 1.000000 0.000000 0.000000
  ending point: -0.044939 0.062382 0.122074 => 0.389376
starting point: -0.044940 0.062382 0.122074 => 0.389376
  direction: 0.000000 1.000000 0.000000
  ending point: -0.044940 0.030949 0.122074 => 0.389376
starting point: -0.044940 0.062382 0.122074 => 0.389376
  direction: 0.000000 0.000000 1.000000
  ending point: -0.044940 0.062382 0.192438 => 0.389376
*** point 1 ***
starting point: 1.000000 0.394383 1.566198 => 0.327601
  direction: 1.000000 0.000000 0.000000
  ending point: -1.017051 0.394383 1.566198 => 0.389376
starting point: 1.000000 0.394383 1.566198 => 0.327601
  direction: 0.000000 1.000000 0.000000
  ending point: 1.000000 0.010437 1.566198 => 0.389376
starting point: 1.000000 0.394383 1.566198 => 0.327601
  direction: 0.000000 0.000000 1.000000
  ending point: 1.000000 0.394383 1.812275 => 0.389376
starting point: -1.017051 0.394383 1.566198 => 0.389376
  direction: 1.000000 0.000000 0.000000
  ending point: -1.017051 0.394383 1.566198 => 0.389376
starting point: -1.017051 0.394383 1.566198 => 0.389376
  direction: 0.000000 1.000000 0.000000
  ending point: -1.017051 0.318562 1.566198 => 0.389376
starting point: -1.017051 0.394383 1.566198 => 0.389376
  direction: 0.000000 0.000000 1.000000
  ending point: -1.017051 0.394383 0.957443 => 0.389376
*** point 2 ***
starting point: 1.000000 0.911647 0.395103 => 0.327601
  direction: 1.000000 0.000000 0.000000
  ending point: -1.572702 0.911647 0.395103 => 0.380432
starting point: 1.000000 0.911647 0.395103 => 0.327601
  direction: 0.000000 1.000000 0.000000
  ending point: 1.000000 -1000.281311 0.395103 => 0.378262
starting point: 1.000000 0.911647 0.395103 => 0.327601
  direction: 0.000000 0.000000 1.000000
  ending point: 1.000000 0.911647 2.397063 => 0.389376
starting point: 1.000000 0.911647 2.397063 => 0.389376
  direction: 1.000000 0.000000 0.000000
  ending point: -1.188475 0.911647 2.397063 => 0.389376
starting point: 1.000000 0.911647 2.397063 => 0.389376
  direction: 0.000000 1.000000 0.000000
  ending point: 1.000000 0.294100 2.397063 => 0.389376
starting point: 1.000000 0.911647 2.397063 => 0.389376
  direction: 0.000000 0.000000 1.000000
  ending point: 1.000000 0.911647 2.397062 => 0.389376
*** point 3 ***
starting point: 1.000000 0.768230 0.555549 => 0.327601
  direction: 1.000000 0.000000 0.000000
  ending point: -1.868253 0.768230 0.555549 => 0.380432
starting point: 1.000000 0.768230 0.555549 => 0.327601
  direction: 0.000000 1.000000 0.000000
  ending point: 1.000000 -1000.252808 0.555549 => 0.378262
starting point: 1.000000 0.768230 0.555549 => 0.327601
  direction: 0.000000 0.000000 1.000000
  ending point: 1.000000 0.768230 2.225960 => 0.389376
starting point: 1.000000 0.768230 2.225960 => 0.389376
  direction: 1.000000 0.000000 0.000000
  ending point: -1.197268 0.768230 2.225960 => 0.389376
starting point: 1.000000 0.768230 2.225960 => 0.389376
  direction: 0.000000 1.000000 0.000000
  ending point: 1.000000 0.247258 2.225960 => 0.389376
starting point: 1.000000 0.768230 2.225960 => 0.389376
  direction: 0.000000 0.000000 1.000000
  ending point: 1.000000 0.768230 2.225960 => 0.389376
*** point 4 ***
starting point: 1.000000 0.477397 1.257742 => 0.327601
  direction: 1.000000 0.000000 0.000000
  ending point: -0.624726 0.477397 1.257742 => 0.389376
starting point: 1.000000 0.477397 1.257742 => 0.327601
  direction: 0.000000 1.000000 0.000000
  ending point: 1.000000 -0.100284 1.257742 => 0.389376
starting point: 1.000000 0.477397 1.257742 => 0.327601
  direction: 0.000000 0.000000 1.000000
  ending point: 1.000000 0.477397 1.904136 => 0.389376
starting point: -0.624726 0.477397 1.257742 => 0.389376
  direction: 1.000000 0.000000 0.000000
  ending point: -0.624726 0.477397 1.257742 => 0.389376
starting point: -0.624726 0.477397 1.257742 => 0.389376
  direction: 0.000000 1.000000 0.000000
  ending point: -0.624726 0.290051 1.257742 => 0.389376
starting point: -0.624726 0.477397 1.257742 => 0.389376
  direction: 0.000000 0.000000 1.000000
  ending point: -0.624726 0.477397 0.912022 => 0.389376
*** point 5 ***
starting point: 1.000000 0.513401 1.904459 => 0.389376
  direction: 1.000000 0.000000 0.000000
  ending point: -1.196275 0.513401 1.904459 => 0.389376
starting point: 1.000000 0.513401 1.904459 => 0.389376
  direction: 0.000000 1.000000 0.000000
  ending point: 1.000000 0.131855 1.904459 => 0.389376
starting point: 1.000000 0.513401 1.904459 => 0.389376
  direction: 0.000000 0.000000 1.000000
  ending point: 1.000000 0.513401 1.943976 => 0.389376
*** point 6 ***
starting point: 1.000000 0.635712 1.434594 => 0.327601
  direction: 1.000000 0.000000 0.000000
  ending point: -0.621980 0.635712 1.434594 => 0.389376
starting point: 1.000000 0.635712 1.434594 => 0.327601
  direction: 0.000000 1.000000 0.000000
  ending point: 1.000000 -0.036802 1.434594 => 0.389376
starting point: 1.000000 0.635712 1.434594 => 0.327601
  direction: 0.000000 0.000000 1.000000
  ending point: 1.000000 0.635712 2.079319 => 0.389376
starting point: -0.621980 0.635712 1.434594 => 0.389376
  direction: 1.000000 0.000000 0.000000
  ending point: -0.621979 0.635712 1.434594 => 0.389376
starting point: -0.621980 0.635712 1.434594 => 0.389376
  direction: 0.000000 1.000000 0.000000
  ending point: -0.621980 0.346983 1.434594 => 0.389376
starting point: -0.621980 0.635712 1.434594 => 0.389376
  direction: 0.000000 0.000000 1.000000
  ending point: -0.621980 0.635712 1.103106 => 0.389376
*** point 7 ***
starting point: 1.000000 0.606969 0.032601 => 0.327601
  direction: 1.000000 0.000000 0.000000
  ending point: -0.484976 0.606969 0.032601 => 0.380432
starting point: 1.000000 0.606969 0.032601 => 0.327601
  direction: 0.000000 1.000000 0.000000
  ending point: 1.000000 -1000.345520 0.032601 => 0.378262
starting point: 1.000000 0.606969 0.032601 => 0.327601
  direction: 0.000000 0.000000 1.000000
  ending point: 1.000000 0.606969 2.047515 => 0.389376
starting point: 1.000000 0.606969 2.047515 => 0.389376
  direction: 1.000000 0.000000 0.000000
  ending point: -1.220398 0.606969 2.047515 => 0.389376
starting point: 1.000000 0.606969 2.047515 => 0.389376
  direction: 0.000000 1.000000 0.000000
  ending point: 1.000000 0.183206 2.047515 => 0.389376
starting point: 1.000000 0.606969 2.047515 => 0.389376
  direction: 0.000000 0.000000 1.000000
  ending point: 1.000000 0.606969 2.047515 => 0.389376
*** point 8 ***
starting point: 1.000000 0.137232 1.608353 => 0.389376
  direction: 1.000000 0.000000 0.000000
  ending point: -3.888701 0.137232 1.608353 => 0.393479
starting point: 1.000000 0.137232 1.608353 => 0.389376
  direction: 0.000000 1.000000 0.000000
  ending point: 1.000000 0.025568 1.608353 => 0.389376
starting point: 1.000000 0.137232 1.608353 => 0.389376
  direction: 0.000000 0.000000 1.000000
  ending point: 1.000000 0.137232 1.527722 => 0.389376
starting point: -3.888701 0.137232 1.608353 => 0.393479
  direction: 1.000000 0.000000 0.000000
  ending point: -3.888675 0.137232 1.608353 => 0.393479
starting point: -3.888701 0.137232 1.608353 => 0.393479
  direction: 0.000000 1.000000 0.000000
  ending point: -3.888701 -0.178160 1.608353 => 0.393479
starting point: -3.888701 0.137232 1.608353 => 0.393479
  direction: 0.000000 0.000000 1.000000
  ending point: -3.888701 0.137232 1.610760 => 0.393479
*** point 9 ***
starting point: 1.000000 0.400944 0.259581 => 0.327601
  direction: 1.000000 0.000000 0.000000
  ending point: -0.900991 0.400944 0.259581 => 0.380432
starting point: 1.000000 0.400944 0.259581 => 0.327601
  direction: 0.000000 1.000000 0.000000
  ending point: 1.000000 -1000.305298 0.259581 => 0.378262
starting point: 1.000000 0.400944 0.259581 => 0.327601
  direction: 0.000000 0.000000 1.000000
  ending point: 1.000000 0.400944 1.819536 => 0.389376
starting point: 1.000000 0.400944 1.819536 => 0.389376
  direction: 1.000000 0.000000 0.000000
  ending point: -1.249953 0.400944 1.819536 => 0.389376
starting point: 1.000000 0.400944 1.819536 => 0.389376
  direction: 0.000000 1.000000 0.000000
  ending point: 1.000000 0.101372 1.819536 => 0.389376
starting point: 1.000000 0.400944 1.819536 => 0.389376
  direction: 0.000000 0.000000 1.000000
  ending point: 1.000000 0.400944 1.819536 => 0.389376
*** point 10 ***
starting point: 1.000000 0.998924 0.436514 => 0.327601
  direction: 1.000000 0.000000 0.000000
  ending point: -1.732012 0.998924 0.436514 => 0.380432
starting point: 1.000000 0.998924 0.436514 => 0.327601
  direction: 0.000000 1.000000 0.000000
  ending point: 1.000000 -1000.273926 0.436514 => 0.378262
starting point: 1.000000 0.998924 0.436514 => 0.327601
  direction: 0.000000 0.000000 1.000000
  ending point: 1.000000 0.998924 2.517571 => 0.389376
starting point: 1.000000 0.998924 2.517571 => 0.389376
  direction: 1.000000 0.000000 0.000000
  ending point: -1.203974 0.998924 2.517571 => 0.389376
starting point: 1.000000 0.998924 2.517571 => 0.389376
  direction: 0.000000 1.000000 0.000000
  ending point: 1.000000 0.326544 2.517571 => 0.389376
starting point: 1.000000 0.998924 2.517571 => 0.389376
  direction: 0.000000 0.000000 1.000000
  ending point: 1.000000 0.998924 2.517564 => 0.389376
*** point 11 ***
starting point: 1.000000 0.839112 1.225280 => 0.327601
  direction: 1.000000 0.000000 0.000000
  ending point: -0.245805 0.839112 1.225280 => 0.389376
starting point: 1.000000 0.839112 1.225280 => 0.327601
  direction: 0.000000 1.000000 0.000000
  ending point: 1.000000 -0.111936 1.225280 => 0.389376
starting point: 1.000000 0.839112 1.225280 => 0.327601
  direction: 0.000000 0.000000 1.000000
  ending point: 1.000000 0.839112 2.304398 => 0.389376
starting point: -0.245805 0.839112 1.225280 => 0.389376
  direction: 1.000000 0.000000 0.000000
  ending point: -0.245803 0.839112 1.225280 => 0.389376
starting point: -0.245805 0.839112 1.225280 => 0.389376
  direction: 0.000000 1.000000 0.000000
  ending point: -0.245805 0.347233 1.225280 => 0.389376
starting point: -0.245805 0.839112 1.225280 => 0.389376
  direction: 0.000000 0.000000 1.000000
  ending point: -0.245805 0.839112 1.209788 => 0.389376
*** point 12 ***
starting point: 1.000000 0.637552 1.048574 => 0.327601
  direction: 1.000000 0.000000 0.000000
  ending point: -0.287983 0.637552 1.048574 => 0.389376
starting point: 1.000000 0.637552 1.048574 => 0.327601
  direction: 0.000000 1.000000 0.000000
  ending point: 1.000000 -1000.165344 1.048574 => 0.378262
starting point: 1.000000 0.637552 1.048574 => 0.327601
  direction: 0.000000 0.000000 1.000000
  ending point: 1.000000 0.637552 2.081358 => 0.389376
starting point: -0.287983 0.637552 1.048574 => 0.389376
  direction: 1.000000 0.000000 0.000000
  ending point: -0.287982 0.637552 1.048574 => 0.389376
starting point: -0.287983 0.637552 1.048574 => 0.389376
  direction: 0.000000 1.000000 0.000000
  ending point: -0.287983 0.283319 1.048574 => 0.389376
starting point: -0.287983 0.637552 1.048574 => 0.389376
  direction: 0.000000 0.000000 1.000000
  ending point: -0.287983 0.637552 0.980918 => 0.389376
*** point 13 ***
starting point: 1.000000 0.972775 0.585034 => 0.327601
  direction: 1.000000 0.000000 0.000000
  ending point: -2.076807 0.972775 0.585034 => 0.380432
starting point: 1.000000 0.972775 0.585034 => 0.327601
  direction: 0.000000 1.000000 0.000000
  ending point: 1.000000 -1000.247559 0.585034 => 0.378262
starting point: 1.000000 0.972775 0.585034 => 0.327601
  direction: 0.000000 0.000000 1.000000
  ending point: 1.000000 0.972775 2.481464 => 0.389376
starting point: 1.000000 0.972775 2.481464 => 0.389376
  direction: 1.000000 0.000000 0.000000
  ending point: -1.198099 0.972775 2.481464 => 0.389376
starting point: 1.000000 0.972775 2.481464 => 0.389376
  direction: 0.000000 1.000000 0.000000
  ending point: 1.000000 0.316822 2.481464 => 0.389376
starting point: 1.000000 0.972775 2.481464 => 0.389376
  direction: 0.000000 0.000000 1.000000
  ending point: 1.000000 0.972775 2.481463 => 0.389376
*** point 14 ***
starting point: 1.000000 0.526745 1.539828 => 0.327601
  direction: 1.000000 0.000000 0.000000
  ending point: -0.833820 0.526745 1.539828 => 0.389376
starting point: 1.000000 0.526745 1.539828 => 0.327601
  direction: 0.000000 1.000000 0.000000
  ending point: 1.000000 0.000972 1.539828 => 0.389376
starting point: 1.000000 0.526745 1.539828 => 0.327601
  direction: 0.000000 0.000000 1.000000
  ending point: 1.000000 0.526745 1.958739 => 0.389376
starting point: -0.833820 0.526745 1.539828 => 0.389376
  direction: 1.000000 0.000000 0.000000
  ending point: -0.833818 0.526745 1.539828 => 0.389376
starting point: -0.833820 0.526745 1.539828 => 0.389376
  direction: 0.000000 1.000000 0.000000
  ending point: -0.833820 0.342807 1.539828 => 0.389376
starting point: -0.833820 0.526745 1.539828 => 0.389376
  direction: 0.000000 0.000000 1.000000
  ending point: -0.833820 0.526745 1.049797 => 0.389376
*** point 15 ***
starting point: 1.000000 0.891529 0.566629 => 0.327601
  direction: 1.000000 0.000000 0.000000
  ending point: -1.977644 0.891529 0.566629 => 0.380432
starting point: 1.000000 0.891529 0.566629 => 0.327601
  direction: 0.000000 1.000000 0.000000
  ending point: 1.000000 -1000.250793 0.566629 => 0.378262
starting point: 1.000000 0.891529 0.566629 => 0.327601
  direction: 0.000000 0.000000 1.000000
  ending point: 1.000000 0.891529 2.369286 => 0.389376
starting point: 1.000000 0.891529 2.369286 => 0.389376
  direction: 1.000000 0.000000 0.000000
  ending point: -1.186122 0.891529 2.369286 => 0.389376
starting point: 1.000000 0.891529 2.369286 => 0.389376
  direction: 0.000000 1.000000 0.000000
  ending point: 1.000000 0.286620 2.369286 => 0.389376
starting point: 1.000000 0.891529 2.369286 => 0.389376
  direction: 0.000000 0.000000 1.000000
  ending point: 1.000000 0.891529 2.369290 => 0.389376
*** point 16 ***
starting point: 1.000000 0.807725 1.838053 => 0.327601
  direction: 1.000000 0.000000 0.000000
  ending point: -0.803429 0.807725 1.838053 => 0.389376
starting point: 1.000000 0.807725 1.838053 => 0.327601
  direction: 0.000000 1.000000 0.000000
  ending point: 1.000000 0.108019 1.838053 => 0.389376
starting point: 1.000000 0.807725 1.838053 => 0.327601
  direction: 0.000000 0.000000 1.000000
  ending point: 1.000000 0.807725 2.269662 => 0.389376
starting point: -0.803429 0.807725 1.838053 => 0.389376
  direction: 1.000000 0.000000 0.000000
  ending point: -0.803430 0.807725 1.838053 => 0.389376
starting point: -0.803429 0.807725 1.838053 => 0.389376
  direction: 0.000000 1.000000 0.000000
  ending point: -0.803429 0.443403 1.838053 => 0.389376
starting point: -0.803429 0.807725 1.838053 => 0.389376
  direction: 0.000000 0.000000 1.000000
  ending point: -0.803429 0.807725 1.379427 => 0.389376
*** point 17 ***
starting point: 1.000000 0.949327 1.051991 => 0.327601
  direction: 1.000000 0.000000 0.000000
  ending point: -3.200126 0.949327 1.051991 => 0.380432
starting point: 1.000000 0.949327 1.051991 => 0.327601
  direction: 0.000000 1.000000 0.000000
  ending point: 1.000000 -1000.164734 1.051991 => 0.378262
starting point: 1.000000 0.949327 1.051991 => 0.327601
  direction: 0.000000 0.000000 1.000000
  ending point: 1.000000 0.949327 2.449086 => 0.389376
starting point: 1.000000 0.949327 2.449086 => 0.389376
  direction: 1.000000 0.000000 0.000000
  ending point: -1.192889 0.949327 2.449086 => 0.389376
starting point: 1.000000 0.949327 2.449086 => 0.389376
  direction: 0.000000 1.000000 0.000000
  ending point: 1.000000 0.308106 2.449086 => 0.389376
starting point: 1.000000 0.949327 2.449086 => 0.389376
  direction: 0.000000 0.000000 1.000000
  ending point: 1.000000 0.949327 2.449085 => 0.389376
*** point 18 ***
starting point: 1.000000 0.192214 1.326454 => 0.327601
  direction: 1.000000 0.000000 0.000000
  ending point: -1.030820 0.192214 1.326454 => 0.389376
starting point: 1.000000 0.192214 1.326454 => 0.327601
  direction: 0.000000 1.000000 0.000000
  ending point: 1.000000 -0.075620 1.326454 => 0.389376
starting point: 1.000000 0.192214 1.326454 => 0.327601
  direction: 0.000000 0.000000 1.000000
  ending point: 1.000000 0.192214 1.588563 => 0.389376
starting point: -1.030820 0.192214 1.326454 => 0.389376
  direction: 1.000000 0.000000 0.000000
  ending point: -1.030820 0.192214 1.326454 => 0.389376
starting point: -1.030820 0.192214 1.326454 => 0.389376
  direction: 0.000000 1.000000 0.000000
  ending point: -1.030820 0.239594 1.326454 => 0.389376
starting point: -1.030820 0.192214 1.326454 => 0.389376
  direction: 0.000000 0.000000 1.000000
  ending point: -1.030820 0.192214 0.717250 => 0.389376
*** point 19 ***
starting point: 1.000000 0.348893 0.128343 => 0.327601
  direction: 1.000000 0.000000 0.000000
  ending point: -0.546109 0.348893 0.128343 => 0.380432
starting point: 1.000000 0.348893 0.128343 => 0.327601
  direction: 0.000000 1.000000 0.000000
  ending point: 1.000000 -1000.328613 0.128343 => 0.378262
starting point: 1.000000 0.348893 0.128343 => 0.327601
  direction: 0.000000 0.000000 1.000000
  ending point: 1.000000 0.348893 1.761938 => 0.389376
starting point: 1.000000 0.348893 1.761938 => 0.389376
  direction: 1.000000 0.000000 0.000000
  ending point: -1.257421 0.348893 1.761938 => 0.389376
starting point: 1.000000 0.348893 1.761938 => 0.389376
  direction: 0.000000 1.000000 0.000000
  ending point: 1.000000 0.080697 1.761938 => 0.389376
starting point: 1.000000 0.348893 1.761938 => 0.389376
  direction: 0.000000 0.000000 1.000000
  ending point: 1.000000 0.348893 1.761940 => 0.389376
Best point: -0.690185 0.024357 0.285458 => 0.393479
