*** point 0 ***
starting point: 1.000000 0.049604 0.080024 -0.304875 -0.268268 => 0.327601
  direction: 1.000000 0.000000 0.000000 0.000000 0.000000
  ending point: -0.271282 0.049604 0.080024 -0.304875 -0.268268 => 0.338527
starting point: 1.000000 0.049604 0.080024 -0.304875 -0.268268 => 0.327601
  direction: 0.000000 1.000000 0.000000 0.000000 0.000000
  ending point: 1.000000 -0.127823 0.080024 -0.304875 -0.268268 => 0.389376
starting point: 1.000000 0.049604 0.080024 -0.304875 -0.268268 => 0.327601
  direction: 0.000000 0.000000 1.000000 0.000000 0.000000
  ending point: 1.000000 0.049604 0.425782 -0.304875 -0.268268 => 0.378262
starting point: 1.000000 0.049604 0.080024 -0.304875 -0.268268 => 0.327601
  direction: 0.000000 0.000000 0.000000 1.000000 0.000000
  ending point: 1.000000 0.049604 0.080024 1.096678 -0.268268 => 0.350250
starting point: 1.000000 0.049604 0.080024 -0.304875 -0.268268 => 0.327601
  direction: 0.000000 0.000000 0.000000 0.000000 1.000000
  ending point: 1.000000 0.049604 0.080024 -0.304875 -1001.970032 => 0.378262
starting point: 1.000000 -0.127823 0.080024 -0.304875 -0.268268 => 0.389376
  direction: 1.000000 0.000000 0.000000 0.000000 0.000000
  ending point: 1.261554 -0.127823 0.080024 -0.304875 -0.268268 => 0.389376
starting point: 1.000000 -0.127823 0.080024 -0.304875 -0.268268 => 0.389376
  direction: 0.000000 1.000000 0.000000 0.000000 0.000000
  ending point: 1.000000 -0.127823 0.080024 -0.304875 -0.268268 => 0.389376
starting point: 1.000000 -0.127823 0.080024 -0.304875 -0.268268 => 0.389376
  direction: 0.000000 0.000000 1.000000 0.000000 0.000000
  ending point: 1.000000 -0.127823 4.914355 -0.304875 -0.268268 => 0.389376
starting point: 1.000000 -0.127823 0.080024 -0.304875 -0.268268 => 0.389376
  direction: 0.000000 0.000000 0.000000 1.000000 0.000000
  ending point: 1.000000 -0.127823 0.080024 2.400074 -0.268268 => 0.389376
starting point: 1.000000 -0.127823 0.080024 -0.304875 -0.268268 => 0.389376
  direction: 0.000000 0.000000 0.000000 0.000000 1.000000
  ending point: 1.000000 -0.127823 0.080024 -0.304875 -999.962402 => 0.389376
*** point 1 ***
starting point: 1.000000 0.788766 1.566198 0.596880 0.823295 => 0.338363
  direction: 1.000000 0.000000 0.000000 0.000000 0.000000
  ending point: 4.758804 0.788766 1.566198 0.596880 0.823295 => 0.338527
starting point: 1.000000 0.788766 1.566198 0.596880 0.823295 => 0.338363
  direction: 0.000000 1.000000 0.000000 0.000000 0.000000
  ending point: 1.000000 0.004187 1.566198 0.596880 0.823295 => 0.389376
starting point: 1.000000 0.788766 1.566198 0.596880 0.823295 => 0.338363
  direction: 0.000000 0.000000 1.000000 0.000000 0.000000
  ending point: 1.000000 0.788766 5.750487 0.596880 0.823295 => 0.378262
starting point: 1.000000 0.788766 1.566198 0.596880 0.823295 => 0.338363
  direction: 0.000000 0.000000 0.000000 1.000000 0.000000
  ending point: 1.000000 0.788766 1.566198 0.313724 0.823295 => 0.338363
starting point: 1.000000 0.788766 1.566198 0.596880 0.823295 => 0.338363
  direction: 0.000000 0.000000 0.000000 0.000000 1.000000
  ending point: 1.000000 0.788766 1.566198 0.596880 -1005.417664 => 0.378262
starting point: 1.000000 0.004187 1.566198 0.596880 0.823295 => 0.389376
  direction: 1.000000 0.000000 0.000000 0.000000 0.000000
  ending point: 3.587613 0.004187 1.566198 0.596880 0.823295 => 0.389376
starting point: 1.000000 0.004187 1.566198 0.596880 0.823295 => 0.389376
  direction: 0.000000 1.000000 0.000000 0.000000 0.000000
  ending point: 1.000000 0.004184 1.566198 0.596880 0.823295 => 0.389376
starting point: 1.000000 0.004187 1.566198 0.596880 0.823295 => 0.389376
  direction: 0.000000 0.000000 1.000000 0.000000 0.000000
  ending point: 1.000000 0.004187 11.941668 0.596880 0.823295 => 0.389376
starting point: 1.000000 0.004187 1.566198 0.596880 0.823295 => 0.389376
  direction: 0.000000 0.000000 0.000000 1.000000 0.000000
  ending point: 1.000000 0.004187 1.566198 3.607741 0.823295 => 0.389376
starting point: 1.000000 0.004187 1.566198 0.596880 0.823295 => 0.389376
  direction: 0.000000 0.000000 0.000000 0.000000 1.000000
  ending point: 1.000000 0.004187 1.566198 0.596880 -998.534546 => 0.389376
*** point 2 ***
starting point: 1.000000 0.670446 1.536459 -0.444451 0.107940 => 0.330363
  direction: 1.000000 0.000000 0.000000 0.000000 0.000000
  ending point: 3.701215 0.670446 1.536459 -0.444451 0.107940 => 0.338527
starting point: 1.000000 0.670446 1.536459 -0.444451 0.107940 => 0.330363
  direction: 0.000000 1.000000 0.000000 0.000000 0.000000
  ending point: 1.000000 -0.059876 1.536459 -0.444451 0.107940 => 0.389376
starting point: 1.000000 0.670446 1.536459 -0.444451 0.107940 => 0.330363
  direction: 0.000000 0.000000 1.000000 0.000000 0.000000
  ending point: 1.000000 0.670446 4.258964 -0.444451 0.107940 => 0.378262
starting point: 1.000000 0.670446 1.536459 -0.444451 0.107940 => 0.330363
  direction: 0.000000 0.000000 0.000000 1.000000 0.000000
  ending point: 1.000000 0.670446 1.536459 0.787361 0.107940 => 0.338363
starting point: 1.000000 0.670446 1.536459 -0.444451 0.107940 => 0.330363
  direction: 0.000000 0.000000 0.000000 0.000000 1.000000
  ending point: 1.000000 0.670446 1.536459 -0.444451 -1003.896729 => 0.378262
starting point: 1.000000 -0.059876 1.536459 -0.444451 0.107940 => 0.389376
  direction: 1.000000 0.000000 0.000000 0.000000 0.000000
  ending point: 4.459442 -0.059876 1.536459 -0.444451 0.107940 => 0.389376
starting point: 1.000000 -0.059876 1.536459 -0.444451 0.107940 => 0.389376
  direction: 0.000000 1.000000 0.000000 0.000000 0.000000
  ending point: 1.000000 -0.059874 1.536459 -0.444451 0.107940 => 0.389376
starting point: 1.000000 -0.059876 1.536459 -0.444451 0.107940 => 0.389376
  direction: 0.000000 0.000000 1.000000 0.000000 0.000000
  ending point: 1.000000 -0.059876 1.290695 -0.444451 0.107940 => 0.389376
starting point: 1.000000 -0.059876 1.536459 -0.444451 0.107940 => 0.389376
  direction: 0.000000 0.000000 0.000000 1.000000 0.000000
  ending point: 1.000000 -0.059876 1.536459 5.038685 0.107940 => 0.389376
starting point: 1.000000 -0.059876 1.536459 -0.444451 0.107940 => 0.389376
  direction: 0.000000 0.000000 0.000000 0.000000 1.000000
  ending point: 1.000000 -0.059876 1.536459 -0.444451 -999.831604 => 0.389376
*** point 3 ***
starting point: 1.000000 1.257742 0.729569 0.026802 0.904459 => 0.338363
  direction: 1.000000 0.000000 0.000000 0.000000 0.000000
  ending point: -999.118164 1.257742 0.729569 0.026802 0.904459 => 0.338363
starting point: 1.000000 1.257742 0.729569 0.026802 0.904459 => 0.338363
  direction: 0.000000 1.000000 0.000000 0.000000 0.000000
  ending point: 1.000000 0.019995 0.729569 0.026802 0.904459 => 0.389376
starting point: 1.000000 1.257742 0.729569 0.026802 0.904459 => 0.338363
  direction: 0.000000 0.000000 1.000000 0.000000 0.000000
  ending point: 1.000000 1.257742 8.734632 0.026802 0.904459 => 0.378262
starting point: 1.000000 1.257742 0.729569 0.026802 0.904459 => 0.338363
  direction: 0.000000 0.000000 0.000000 1.000000 0.000000
  ending point: 1.000000 1.257742 0.729569 -7.223057 0.904459 => 0.338527
starting point: 1.000000 1.257742 0.729569 0.026802 0.904459 => 0.338363
  direction: 0.000000 0.000000 0.000000 0.000000 1.000000
  ending point: 1.000000 1.257742 0.729569 0.026802 -1015.646179 => 0.378262
starting point: 1.000000 0.019995 0.729569 0.026802 0.904459 => 0.389376
  direction: 1.000000 0.000000 0.000000 0.000000 0.000000
  ending point: 1.557340 0.019995 0.729569 0.026802 0.904459 => 0.389376
starting point: 1.000000 0.019995 0.729569 0.026802 0.904459 => 0.389376
  direction: 0.000000 1.000000 0.000000 0.000000 0.000000
  ending point: 1.000000 0.020002 0.729569 0.026802 0.904459 => 0.389376
starting point: 1.000000 0.019995 0.729569 0.026802 0.904459 => 0.389376
  direction: 0.000000 0.000000 1.000000 0.000000 0.000000
  ending point: 1.000000 0.019995 4.745050 0.026802 0.904459 => 0.389376
starting point: 1.000000 0.019995 0.729569 0.026802 0.904459 => 0.389376
  direction: 0.000000 0.000000 0.000000 1.000000 0.000000
  ending point: 1.000000 0.019995 0.729569 1.050430 0.904459 => 0.389376
starting point: 1.000000 0.019995 0.729569 0.026802 0.904459 => 0.389376
  direction: 0.000000 0.000000 0.000000 0.000000 1.000000
  ending point: 1.000000 0.019995 0.729569 0.026802 -999.040833 => 0.389376
*** point 4 ***
starting point: 1.000000 1.271423 1.434594 -0.716795 0.213938 => 0.338363
  direction: 1.000000 0.000000 0.000000 0.000000 0.000000
  ending point: 4.325080 1.271423 1.434594 -0.716795 0.213938 => 0.338527
starting point: 1.000000 1.271423 1.434594 -0.716795 0.213938 => 0.338363
  direction: 0.000000 1.000000 0.000000 0.000000 0.000000
  ending point: 1.000000 -1000.046387 1.434594 -0.716795 0.213938 => 0.380432
starting point: 1.000000 1.271423 1.434594 -0.716795 0.213938 => 0.338363
  direction: 0.000000 0.000000 1.000000 0.000000 0.000000
  ending point: 1.000000 1.271423 8.157272 -0.716795 0.213938 => 0.378262
starting point: 1.000000 1.271423 1.434594 -0.716795 0.213938 => 0.338363
  direction: 0.000000 0.000000 0.000000 1.000000 0.000000
  ending point: 1.000000 1.271423 1.434594 -6.570485 0.213938 => 0.338527
starting point: 1.000000 1.271423 1.434594 -0.716795 0.213938 => 0.338363
  direction: 0.000000 0.000000 0.000000 0.000000 1.000000
  ending point: 1.000000 1.271423 1.434594 -0.716795 -1010.781128 => 0.378262
starting point: 1.000000 -1000.046387 1.434594 -0.716795 0.213938 => 0.380432
  direction: 1.000000 0.000000 0.000000 0.000000 0.000000
  ending point: 8102.511719 -1000.046387 1.434594 -0.716795 0.213938 => 0.389376
starting point: 1.000000 -1000.046387 1.434594 -0.716795 0.213938 => 0.380432
  direction: 0.000000 1.000000 0.000000 0.000000 0.000000
  ending point: 1.000000 -1000.039551 1.434594 -0.716795 0.213938 => 0.380432
starting point: 1.000000 -1000.046387 1.434594 -0.716795 0.213938 => 0.380432
  direction: 0.000000 0.000000 1.000000 0.000000 0.000000
  ending point: 1.000000 -1000.046387 78152.609375 -0.716795 0.213938 => 0.380432
starting point: 1.000000 -1000.046387 1.434594 -0.716795 0.213938 => 0.380432
  direction: 0.000000 0.000000 0.000000 1.000000 0.000000
  ending point: 1.000000 -1000.046387 1.434594 15047.233398 0.213938 => 0.389376
starting point: 1.000000 -1000.046387 1.434594 -0.716795 0.213938 => 0.380432
  direction: 0.000000 0.000000 0.000000 0.000000 1.000000
  ending point: 1.000000 -1000.046387 1.434594 -0.716795 -4994.098633 => 0.389376
starting point: 8102.511719 -1000.046387 1.434594 -0.716795 0.213938 => 0.389376
  direction: 1.000000 0.000000 0.000000 0.000000 0.000000
  ending point: 8102.490723 -1000.046387 1.434594 -0.716795 0.213938 => 0.389376
starting point: 8102.511719 -1000.046387 1.434594 -0.716795 0.213938 => 0.389376
  direction: 0.000000 1.000000 0.000000 0.000000 0.000000
  ending point: 8102.511719 -1216.662354 1.434594 -0.716795 0.213938 => 0.389376
starting point: 8102.511719 -1000.046387 1.434594 -0.716795 0.213938 => 0.389376
  direction: 0.000000 0.000000 1.000000 0.000000 0.000000
  ending point: 8102.511719 -1000.046387 68228.867188 -0.716795 0.213938 => 0.389376
starting point: 8102.511719 -1000.046387 1.434594 -0.716795 0.213938 => 0.389376
  direction: 0.000000 0.000000 0.000000 1.000000 0.000000
  ending point: 8102.511719 -1000.046387 1.434594 15533.363281 0.213938 => 0.389376
starting point: 8102.511719 -1000.046387 1.434594 -0.716795 0.213938 => 0.389376
  direction: 0.000000 0.000000 0.000000 0.000000 1.000000
  ending point: 8102.511719 -1000.046387 1.434594 -0.716795 1916.526489 => 0.389376
*** point 5 ***
starting point: 1.000000 0.485774 0.274463 0.608353 -0.686642 => 0.338363
  direction: 1.000000 0.000000 0.000000 0.000000 0.000000
  ending point: -1002.531799 0.485774 0.274463 0.608353 -0.686642 => 0.338363
starting point: 1.000000 0.485774 0.274463 0.608353 -0.686642 => 0.338363
  direction: 0.000000 1.000000 0.000000 0.000000 0.000000
  ending point: 1.000000 -0.218776 0.274463 0.608353 -0.686642 => 0.389376
starting point: 1.000000 0.485774 0.274463 0.608353 -0.686642 => 0.338363
  direction: 0.000000 0.000000 1.000000 0.000000 0.000000
  ending point: 1.000000 0.485774 2.610708 0.608353 -0.686642 => 0.378262
starting point: 1.000000 0.485774 0.274463 0.608353 -0.686642 => 0.338363
  direction: 0.000000 0.000000 0.000000 1.000000 0.000000
  ending point: 1.000000 0.485774 0.274463 -0.812210 -0.686642 => 0.338527
starting point: 1.000000 0.485774 0.274463 0.608353 -0.686642 => 0.338363
  direction: 0.000000 0.000000 0.000000 0.000000 1.000000
  ending point: 1.000000 0.485774 0.274463 0.608353 -1006.834229 => 0.378262
starting point: 1.000000 -0.218776 0.274463 0.608353 -0.686642 => 0.389376
  direction: 1.000000 0.000000 0.000000 0.000000 0.000000
  ending point: 2.194770 -0.218776 0.274463 0.608353 -0.686642 => 0.389376
starting point: 1.000000 -0.218776 0.274463 0.608353 -0.686642 => 0.389376
  direction: 0.000000 1.000000 0.000000 0.000000 0.000000
  ending point: 1.000000 -0.218777 0.274463 0.608353 -0.686642 => 0.389376
starting point: 1.000000 -0.218776 0.274463 0.608353 -0.686642 => 0.389376
  direction: 0.000000 0.000000 1.000000 0.000000 0.000000
  ending point: 1.000000 -0.218776 18.394493 0.608353 -0.686642 => 0.389376
starting point: 1.000000 -0.218776 0.274463 0.608353 -0.686642 => 0.389376
  direction: 0.000000 0.000000 0.000000 1.000000 0.000000
  ending point: 1.000000 -0.218776 0.274463 4.606996 -0.686642 => 0.389376
starting point: 1.000000 -0.218776 0.274463 0.608353 -0.686642 => 0.389376
  direction: 0.000000 0.000000 0.000000 0.000000 1.000000
  ending point: 1.000000 -0.218776 0.274463 0.608353 -999.412720 => 0.389376
*** point 6 ***
starting point: 1.000000 0.259581 0.217618 0.997849 -0.563486 => 0.338363
  direction: 1.000000 0.000000 0.000000 0.000000 0.000000
  ending point: -1005.534546 0.259581 0.217618 0.997849 -0.563486 => 0.338363
starting point: 1.000000 0.259581 0.217618 0.997849 -0.563486 => 0.338363
  direction: 0.000000 1.000000 0.000000 0.000000 0.000000
  ending point: 1.000000 -0.258401 0.217618 0.997849 -0.563486 => 0.389376
starting point: 1.000000 0.259581 0.217618 0.997849 -0.563486 => 0.338363
  direction: 0.000000 0.000000 1.000000 0.000000 0.000000
  ending point: 1.000000 0.259581 9.298935 0.997849 -0.563486 => 0.389376
starting point: 1.000000 0.259581 0.217618 0.997849 -0.563486 => 0.338363
  direction: 0.000000 0.000000 0.000000 1.000000 0.000000
  ending point: 1.000000 0.259581 0.217618 0.191017 -0.563486 => 0.338527
starting point: 1.000000 0.259581 0.217618 0.997849 -0.563486 => 0.338363
  direction: 0.000000 0.000000 0.000000 0.000000 1.000000
  ending point: 1.000000 0.259581 0.217618 0.997849 -1003.163330 => 0.389376
starting point: 1.000000 -0.258401 0.217618 0.997849 -0.563486 => 0.389376
  direction: 1.000000 0.000000 0.000000 0.000000 0.000000
  ending point: 2.294987 -0.258401 0.217618 0.997849 -0.563486 => 0.389376
starting point: 1.000000 -0.258401 0.217618 0.997849 -0.563486 => 0.389376
  direction: 0.000000 1.000000 0.000000 0.000000 0.000000
  ending point: 1.000000 -0.258400 0.217618 0.997849 -0.563486 => 0.389376
starting point: 1.000000 -0.258401 0.217618 0.997849 -0.563486 => 0.389376
  direction: 0.000000 0.000000 1.000000 0.000000 0.000000
  ending point: 1.000000 -0.258401 24.186605 0.997849 -0.563486 => 0.389376
starting point: 1.000000 -0.258401 0.217618 0.997849 -0.563486 => 0.389376
  direction: 0.000000 0.000000 0.000000 1.000000 0.000000
  ending point: 1.000000 -0.258401 0.217618 4.957231 -0.563486 => 0.389376
starting point: 1.000000 -0.258401 0.217618 0.997849 -0.563486 => 0.389376
  direction: 0.000000 0.000000 0.000000 0.000000 1.000000
  ending point: 1.000000 -0.258401 0.217618 0.997849 -999.181458 => 0.389376
*** point 7 ***
starting point: 1.000000 1.678224 1.225280 -0.407937 0.275105 => 0.338363
  direction: 1.000000 0.000000 0.000000 0.000000 0.000000
  ending point: 6.627960 1.678224 1.225280 -0.407937 0.275105 => 0.338527
starting point: 1.000000 1.678224 1.225280 -0.407937 0.275105 => 0.338363
  direction: 0.000000 1.000000 0.000000 0.000000 0.000000
  ending point: 1.000000 -0.033812 1.225280 -0.407937 0.275105 => 0.389376
starting point: 1.000000 1.678224 1.225280 -0.407937 0.275105 => 0.338363
  direction: 0.000000 0.000000 1.000000 0.000000 0.000000
  ending point: 1.000000 1.678224 10.865818 -0.407937 0.275105 => 0.378262
starting point: 1.000000 1.678224 1.225280 -0.407937 0.275105 => 0.338363
  direction: 0.000000 0.000000 0.000000 1.000000 0.000000
  ending point: 1.000000 1.678224 1.225280 -9.118147 0.275105 => 0.338527
starting point: 1.000000 1.678224 1.225280 -0.407937 0.275105 => 0.338363
  direction: 0.000000 0.000000 0.000000 0.000000 1.000000
  ending point: 1.000000 1.678224 1.225280 -0.407937 -1018.504517 => 0.378262
starting point: 1.000000 -0.033812 1.225280 -0.407937 0.275105 => 0.389376
  direction: 1.000000 0.000000 0.000000 0.000000 0.000000
  ending point: 3.430743 -0.033812 1.225280 -0.407937 0.275105 => 0.389376
starting point: 1.000000 -0.033812 1.225280 -0.407937 0.275105 => 0.389376
  direction: 0.000000 1.000000 0.000000 0.000000 0.000000
  ending point: 1.000000 -0.033803 1.225280 -0.407937 0.275105 => 0.389376
starting point: 1.000000 -0.033812 1.225280 -0.407937 0.275105 => 0.389376
  direction: 0.000000 0.000000 1.000000 0.000000 0.000000
  ending point: 1.000000 -0.033812 0.981186 -0.407937 0.275105 => 0.389376
starting point: 1.000000 -0.033812 1.225280 -0.407937 0.275105 => 0.389376
  direction: 0.000000 0.000000 0.000000 1.000000 0.000000
  ending point: 1.000000 -0.033812 1.225280 3.676337 0.275105 => 0.389376
starting point: 1.000000 -0.033812 1.225280 -0.407937 0.275105 => 0.389376
  direction: 0.000000 0.000000 0.000000 0.000000 1.000000
  ending point: 1.000000 -0.033812 1.225280 -0.407937 -999.690796 => 0.389376
*** point 8 ***
starting point: 1.000000 0.987166 1.945550 -0.414966 0.542715 => 0.330363
  direction: 1.000000 0.000000 0.000000 0.000000 0.000000
  ending point: 4.776922 0.987166 1.945550 -0.414966 0.542715 => 0.338527
starting point: 1.000000 0.987166 1.945550 -0.414966 0.542715 => 0.330363
  direction: 0.000000 1.000000 0.000000 0.000000 0.000000
  ending point: 1.000000 -999.999268 1.945550 -0.414966 0.542715 => 0.380432
starting point: 1.000000 0.987166 1.945550 -0.414966 0.542715 => 0.330363
  direction: 0.000000 0.000000 1.000000 0.000000 0.000000
  ending point: 1.000000 0.987166 6.641166 -0.414966 0.542715 => 0.378262
starting point: 1.000000 0.987166 1.945550 -0.414966 0.542715 => 0.330363
  direction: 0.000000 0.000000 0.000000 1.000000 0.000000
  ending point: 1.000000 0.987166 1.945550 0.265841 0.542715 => 0.338363
starting point: 1.000000 0.987166 1.945550 -0.414966 0.542715 => 0.330363
  direction: 0.000000 0.000000 0.000000 0.000000 1.000000
  ending point: 1.000000 0.987166 1.945550 -0.414966 -1006.563171 => 0.378262
starting point: 1.000000 -999.999268 1.945550 -0.414966 0.542715 => 0.380432
  direction: 1.000000 0.000000 0.000000 0.000000 0.000000
  ending point: 8103.484375 -999.999268 1.945550 -0.414966 0.542715 => 0.389376
starting point: 1.000000 -999.999268 1.945550 -0.414966 0.542715 => 0.380432
  direction: 0.000000 1.000000 0.000000 0.000000 0.000000
  ending point: 1.000000 -1000.002014 1.945550 -0.414966 0.542715 => 0.380432
starting point: 1.000000 -999.999268 1.945550 -0.414966 0.542715 => 0.380432
  direction: 0.000000 0.000000 1.000000 0.000000 0.000000
  ending point: 1.000000 -999.999268 78152.164062 -0.414966 0.542715 => 0.380432
starting point: 1.000000 -999.999268 1.945550 -0.414966 0.542715 => 0.380432
  direction: 0.000000 0.000000 0.000000 1.000000 0.000000
  ending point: 1.000000 -999.999268 1.945550 15047.636719 0.542715 => 0.389376
starting point: 1.000000 -999.999268 1.945550 -0.414966 0.542715 => 0.380432
  direction: 0.000000 0.000000 0.000000 0.000000 1.000000
  ending point: 1.000000 -999.999268 1.945550 -0.414966 -4993.551270 => 0.389376
starting point: 8103.484375 -999.999268 1.945550 -0.414966 0.542715 => 0.389376
  direction: 1.000000 0.000000 0.000000 0.000000 0.000000
  ending point: 8103.425781 -999.999268 1.945550 -0.414966 0.542715 => 0.389376
starting point: 8103.484375 -999.999268 1.945550 -0.414966 0.542715 => 0.389376
  direction: 0.000000 1.000000 0.000000 0.000000 0.000000
  ending point: 8103.484375 -1216.702026 1.945550 -0.414966 0.542715 => 0.389376
starting point: 8103.484375 -999.999268 1.945550 -0.414966 0.542715 => 0.389376
  direction: 0.000000 0.000000 1.000000 0.000000 0.000000
  ending point: 8103.484375 -999.999268 68235.968750 -0.414966 0.542715 => 0.389376
starting point: 8103.484375 -999.999268 1.945550 -0.414966 0.542715 => 0.389376
  direction: 0.000000 0.000000 0.000000 1.000000 0.000000
  ending point: 8103.484375 -999.999268 1.945550 15533.790039 0.542715 => 0.389376
starting point: 8103.484375 -999.999268 1.945550 -0.414966 0.542715 => 0.389376
  direction: 0.000000 0.000000 0.000000 0.000000 1.000000
  ending point: 8103.484375 -999.999268 1.945550 -0.414966 1917.980225 => 0.389376
*** point 9 ***
starting point: 1.000000 1.539828 0.800457 0.783059 -0.433371 => 0.338363
  direction: 1.000000 0.000000 0.000000 0.000000 0.000000
  ending point: -1001.520874 1.539828 0.800457 0.783059 -0.433371 => 0.338363
starting point: 1.000000 1.539828 0.800457 0.783059 -0.433371 => 0.338363
  direction: 0.000000 1.000000 0.000000 0.000000 0.000000
  ending point: 1.000000 -0.159250 0.800457 0.783059 -0.433371 => 0.389376
starting point: 1.000000 1.539828 0.800457 0.783059 -0.433371 => 0.338363
  direction: 0.000000 0.000000 1.000000 0.000000 0.000000
  ending point: 1.000000 1.539828 9.604730 0.783059 -0.433371 => 0.378262
starting point: 1.000000 1.539828 0.800457 0.783059 -0.433371 => 0.338363
  direction: 0.000000 0.000000 0.000000 1.000000 0.000000
  ending point: 1.000000 1.539828 0.800457 -7.689471 -0.433371 => 0.338527
starting point: 1.000000 1.539828 0.800457 0.783059 -0.433371 => 0.338363
  direction: 0.000000 0.000000 0.000000 0.000000 1.000000
  ending point: 1.000000 1.539828 0.800457 0.783059 -1019.152161 => 0.378262
starting point: 1.000000 -0.159250 0.800457 0.783059 -0.433371 => 0.389376
  direction: 1.000000 0.000000 0.000000 0.000000 0.000000
  ending point: 3.160872 -0.159250 0.800457 0.783059 -0.433371 => 0.389376
starting point: 1.000000 -0.159250 0.800457 0.783059 -0.433371 => 0.389376
  direction: 0.000000 1.000000 0.000000 0.000000 0.000000
  ending point: 1.000000 -0.159252 0.800457 0.783059 -0.433371 => 0.389376
starting point: 1.000000 -0.159250 0.800457 0.783059 -0.433371 => 0.389376
  direction: 0.000000 0.000000 1.000000 0.000000 0.000000
  ending point: 1.000000 -0.159250 18.740582 0.783059 -0.433371 => 0.389376
starting point: 1.000000 -0.159250 0.800457 0.783059 -0.433371 => 0.389376
  direction: 0.000000 0.000000 0.000000 1.000000 0.000000
  ending point: 1.000000 -0.159250 0.800457 4.941608 -0.433371 => 0.389376
starting point: 1.000000 -0.159250 0.800457 0.783059 -0.433371 => 0.389376
  direction: 0.000000 0.000000 0.000000 0.000000 1.000000
  ending point: 1.000000 -0.159250 0.800457 0.783059 -999.000610 => 0.389376
*** point 10 ***
starting point: 1.000000 1.615449 1.838053 -0.860489 0.898654 => 0.338363
  direction: 1.000000 0.000000 0.000000 0.000000 0.000000
  ending point: 6.067698 1.615449 1.838053 -0.860489 0.898654 => 0.338527
starting point: 1.000000 1.615449 1.838053 -0.860489 0.898654 => 0.338363
  direction: 0.000000 1.000000 0.000000 0.000000 0.000000
  ending point: 1.000000 -999.944153 1.838053 -0.860489 0.898654 => 0.380432
starting point: 1.000000 1.615449 1.838053 -0.860489 0.898654 => 0.338363
  direction: 0.000000 0.000000 1.000000 0.000000 0.000000
  ending point: 1.000000 1.615449 10.885375 -0.860489 0.898654 => 0.378262
starting point: 1.000000 1.615449 1.838053 -0.860489 0.898654 => 0.338363
  direction: 0.000000 0.000000 0.000000 1.000000 0.000000
  ending point: 1.000000 1.615449 1.838053 -9.171045 0.898654 => 0.338527
starting point: 1.000000 1.615449 1.838053 -0.860489 0.898654 => 0.338363
  direction: 0.000000 0.000000 0.000000 0.000000 1.000000
  ending point: 1.000000 1.615449 1.838053 -0.860489 -1013.722290 => 0.378262
starting point: 1.000000 -999.944153 1.838053 -0.860489 0.898654 => 0.380432
  direction: 1.000000 0.000000 0.000000 0.000000 0.000000
  ending point: 8102.981445 -999.944153 1.838053 -0.860489 0.898654 => 0.389376
starting point: 1.000000 -999.944153 1.838053 -0.860489 0.898654 => 0.380432
  direction: 0.000000 1.000000 0.000000 0.000000 0.000000
  ending point: 1.000000 -999.942078 1.838053 -0.860489 0.898654 => 0.380432
starting point: 1.000000 -999.944153 1.838053 -0.860489 0.898654 => 0.380432
  direction: 0.000000 0.000000 1.000000 0.000000 0.000000
  ending point: 1.000000 -999.944153 78152.578125 -0.860489 0.898654 => 0.380432
starting point: 1.000000 -999.944153 1.838053 -0.860489 0.898654 => 0.380432
  direction: 0.000000 0.000000 0.000000 1.000000 0.000000
  ending point: 1.000000 -999.944153 1.838053 15046.269531 0.898654 => 0.389376
starting point: 1.000000 -999.944153 1.838053 -0.860489 0.898654 => 0.380432
  direction: 0.000000 0.000000 0.000000 0.000000 1.000000
  ending point: 1.000000 -999.944153 1.838053 -0.860489 -4993.820312 => 0.389376
starting point: 8102.981445 -999.944153 1.838053 -0.860489 0.898654 => 0.389376
  direction: 1.000000 0.000000 0.000000 0.000000 0.000000
  ending point: 8103.012695 -999.944153 1.838053 -0.860489 0.898654 => 0.389376
starting point: 8102.981445 -999.944153 1.838053 -0.860489 0.898654 => 0.389376
  direction: 0.000000 1.000000 0.000000 0.000000 0.000000
  ending point: 8102.981445 -1216.546265 1.838053 -0.860489 0.898654 => 0.389376
starting point: 8102.981445 -999.944153 1.838053 -0.860489 0.898654 => 0.389376
  direction: 0.000000 0.000000 1.000000 0.000000 0.000000
  ending point: 8102.981445 -999.944153 68224.789062 -0.860489 0.898654 => 0.389376
starting point: 8102.981445 -999.944153 1.838053 -0.860489 0.898654 => 0.389376
  direction: 0.000000 0.000000 0.000000 1.000000 0.000000
  ending point: 8102.981445 -999.944153 1.838053 15532.469727 0.898654 => 0.389376
starting point: 8102.981445 -999.944153 1.838053 -0.860489 0.898654 => 0.389376
  direction: 0.000000 0.000000 0.000000 0.000000 1.000000
  ending point: 8102.981445 -999.944153 1.838053 -0.860489 1917.086182 => 0.389376
*** point 11 ***
starting point: 1.000000 0.172112 0.384428 0.326454 0.780465 => 0.330363
  direction: 1.000000 0.000000 0.000000 0.000000 0.000000
  ending point: -1004.892151 0.172112 0.384428 0.326454 0.780465 => 0.338363
starting point: 1.000000 0.172112 0.384428 0.326454 0.780465 => 0.330363
  direction: 0.000000 1.000000 0.000000 0.000000 0.000000
  ending point: 1.000000 -0.050984 0.384428 0.326454 0.780465 => 0.389376
starting point: 1.000000 0.172112 0.384428 0.326454 0.780465 => 0.330363
  direction: 0.000000 0.000000 1.000000 0.000000 0.000000
  ending point: 1.000000 0.172112 4.177094 0.326454 0.780465 => 0.389376
starting point: 1.000000 0.172112 0.384428 0.326454 0.780465 => 0.330363
  direction: 0.000000 0.000000 0.000000 1.000000 0.000000
  ending point: 1.000000 0.172112 0.384428 0.456372 0.780465 => 0.338363
starting point: 1.000000 0.172112 0.384428 0.326454 0.780465 => 0.330363
  direction: 0.000000 0.000000 0.000000 0.000000 1.000000
  ending point: 1.000000 0.172112 0.384428 0.326454 -1001.293152 => 0.389376
starting point: 1.000000 -0.050984 0.384428 0.326454 0.780465 => 0.389376
  direction: 1.000000 0.000000 0.000000 0.000000 0.000000
  ending point: 1.338509 -0.050984 0.384428 0.326454 0.780465 => 0.389376
starting point: 1.000000 -0.050984 0.384428 0.326454 0.780465 => 0.389376
  direction: 0.000000 1.000000 0.000000 0.000000 0.000000
  ending point: 1.000000 -0.050984 0.384428 0.326454 0.780465 => 0.389376
starting point: 1.000000 -0.050984 0.384428 0.326454 0.780465 => 0.389376
  direction: 0.000000 0.000000 1.000000 0.000000 0.000000
  ending point: 1.000000 -0.050984 10.256888 0.326454 0.780465 => 0.389376
starting point: 1.000000 -0.050984 0.384428 0.326454 0.780465 => 0.389376
  direction: 0.000000 0.000000 0.000000 1.000000 0.000000
  ending point: 1.000000 -0.050984 0.384428 1.279378 0.780465 => 0.389376
starting point: 1.000000 -0.050984 0.384428 0.326454 0.780465 => 0.389376
  direction: 0.000000 0.000000 0.000000 0.000000 1.000000
  ending point: 1.000000 -0.050984 0.384428 0.326454 -999.024475 => 0.389376
*** point 12 ***
starting point: 1.000000 0.128343 0.040046 -0.084597 -0.873808 => 0.327601
  direction: 1.000000 0.000000 0.000000 0.000000 0.000000
  ending point: -0.136876 0.128343 0.040046 -0.084597 -0.873808 => 0.338527
starting point: 1.000000 0.128343 0.040046 -0.084597 -0.873808 => 0.327601
  direction: 0.000000 1.000000 0.000000 0.000000 0.000000
  ending point: 1.000000 -0.216445 0.040046 -0.084597 -0.873808 => 0.389376
starting point: 1.000000 0.128343 0.040046 -0.084597 -0.873808 => 0.327601
  direction: 0.000000 0.000000 1.000000 0.000000 0.000000
  ending point: 1.000000 0.128343 0.497557 -0.084597 -0.873808 => 0.378262
starting point: 1.000000 0.128343 0.040046 -0.084597 -0.873808 => 0.327601
  direction: 0.000000 0.000000 0.000000 1.000000 0.000000
  ending point: 1.000000 0.128343 0.040046 1.351309 -0.873808 => 0.338363
starting point: 1.000000 0.128343 0.040046 -0.084597 -0.873808 => 0.327601
  direction: 0.000000 0.000000 0.000000 0.000000 1.000000
  ending point: 1.000000 0.128343 0.040046 -0.084597 -1003.426453 => 0.378262
starting point: 1.000000 -0.216445 0.040046 -0.084597 -0.873808 => 0.389376
  direction: 1.000000 0.000000 0.000000 0.000000 0.000000
  ending point: 1.665093 -0.216445 0.040046 -0.084597 -0.873808 => 0.389376
starting point: 1.000000 -0.216445 0.040046 -0.084597 -0.873808 => 0.389376
  direction: 0.000000 1.000000 0.000000 0.000000 0.000000
  ending point: 1.000000 -0.216445 0.040046 -0.084597 -0.873808 => 0.389376
starting point: 1.000000 -0.216445 0.040046 -0.084597 -0.873808 => 0.389376
  direction: 0.000000 0.000000 1.000000 0.000000 0.000000
  ending point: 1.000000 -0.216445 10.087885 -0.084597 -0.873808 => 0.389376
starting point: 1.000000 -0.216445 0.040046 -0.084597 -0.873808 => 0.389376
  direction: 0.000000 0.000000 0.000000 1.000000 0.000000
  ending point: 1.000000 -0.216445 0.040046 4.079463 -0.873808 => 0.389376
starting point: 1.000000 -0.216445 0.040046 -0.084597 -0.873808 => 0.389376
  direction: 0.000000 0.000000 0.000000 0.000000 1.000000
  ending point: 1.000000 -0.216445 0.040046 -0.084597 -1000.096069 => 0.389376
*** point 13 ***
starting point: 1.000000 1.941268 1.804416 0.701840 -0.466668 => 0.338363
  direction: 1.000000 0.000000 0.000000 0.000000 0.000000
  ending point: 8.531832 1.941268 1.804416 0.701840 -0.466668 => 0.338527
starting point: 1.000000 1.941268 1.804416 0.701840 -0.466668 => 0.338363
  direction: 0.000000 1.000000 0.000000 0.000000 0.000000
  ending point: 1.000000 -0.078132 1.804416 0.701840 -0.466668 => 0.389376
starting point: 1.000000 1.941268 1.804416 0.701840 -0.466668 => 0.338363
  direction: 0.000000 0.000000 1.000000 0.000000 0.000000
  ending point: 1.000000 1.941268 12.142164 0.701840 -0.466668 => 0.378262
starting point: 1.000000 1.941268 1.804416 0.701840 -0.466668 => 0.338363
  direction: 0.000000 0.000000 0.000000 1.000000 0.000000
  ending point: 1.000000 1.941268 1.804416 -9.841713 -0.466668 => 0.338527
starting point: 1.000000 1.941268 1.804416 0.701840 -0.466668 => 0.338363
  direction: 0.000000 0.000000 0.000000 0.000000 1.000000
  ending point: 1.000000 1.941268 1.804416 0.701840 -1017.835205 => 0.378262
starting point: 1.000000 -0.078132 1.804416 0.701840 -0.466668 => 0.389376
  direction: 1.000000 0.000000 0.000000 0.000000 0.000000
  ending point: 4.971411 -0.078132 1.804416 0.701840 -0.466668 => 0.389376
starting point: 1.000000 -0.078132 1.804416 0.701840 -0.466668 => 0.389376
  direction: 0.000000 1.000000 0.000000 0.000000 0.000000
  ending point: 1.000000 -0.078137 1.804416 0.701840 -0.466668 => 0.389376
starting point: 1.000000 -0.078132 1.804416 0.701840 -0.466668 => 0.389376
  direction: 0.000000 0.000000 1.000000 0.000000 0.000000
  ending point: 1.000000 -0.078132 15.398262 0.701840 -0.466668 => 0.389376
starting point: 1.000000 -0.078132 1.804416 0.701840 -0.466668 => 0.389376
  direction: 0.000000 0.000000 0.000000 1.000000 0.000000
  ending point: 1.000000 -0.078132 1.804416 6.700894 -0.466668 => 0.389376
starting point: 1.000000 -0.078132 1.804416 0.701840 -0.466668 => 0.389376
  direction: 0.000000 0.000000 0.000000 0.000000 1.000000
  ending point: 1.000000 -0.078132 1.804416 0.701840 -998.758545 => 0.389376
*** point 14 ***
starting point: 1.000000 0.750414 1.520497 0.025071 0.335448 => 0.330363
  direction: 1.000000 0.000000 0.000000 0.000000 0.000000
  ending point: 3.766768 0.750414 1.520497 0.025071 0.335448 => 0.338527
starting point: 1.000000 0.750414 1.520497 0.025071 0.335448 => 0.330363
  direction: 0.000000 1.000000 0.000000 0.000000 0.000000
  ending point: 1.000000 0.002265 1.520497 0.025071 0.335448 => 0.389376
starting point: 1.000000 0.750414 1.520497 0.025071 0.335448 => 0.330363
  direction: 0.000000 0.000000 1.000000 0.000000 0.000000
  ending point: 1.000000 0.750414 5.027000 0.025071 0.335448 => 0.378262
starting point: 1.000000 0.750414 1.520497 0.025071 0.335448 => 0.330363
  direction: 0.000000 0.000000 0.000000 1.000000 0.000000
  ending point: 1.000000 0.750414 1.520497 0.385564 0.335448 => 0.338363
starting point: 1.000000 0.750414 1.520497 0.025071 0.335448 => 0.330363
  direction: 0.000000 0.000000 0.000000 0.000000 1.000000
  ending point: 1.000000 0.750414 1.520497 0.025071 -1004.944458 => 0.378262
starting point: 1.000000 0.002265 1.520497 0.025071 0.335448 => 0.389376
  direction: 1.000000 0.000000 0.000000 0.000000 0.000000
  ending point: 3.665642 0.002265 1.520497 0.025071 0.335448 => 0.389376
starting point: 1.000000 0.002265 1.520497 0.025071 0.335448 => 0.389376
  direction: 0.000000 1.000000 0.000000 0.000000 0.000000
  ending point: 1.000000 0.002273 1.520497 0.025071 0.335448 => 0.389376
starting point: 1.000000 0.002265 1.520497 0.025071 0.335448 => 0.389376
  direction: 0.000000 0.000000 1.000000 0.000000 0.000000
  ending point: 1.000000 0.002265 5.090957 0.025071 0.335448 => 0.389376
starting point: 1.000000 0.002265 1.520497 0.025071 0.335448 => 0.389376
  direction: 0.000000 0.000000 0.000000 1.000000 0.000000
  ending point: 1.000000 0.002265 1.520497 3.979210 0.335448 => 0.389376
starting point: 1.000000 0.002265 1.520497 0.025071 0.335448 => 0.389376
  direction: 0.000000 0.000000 0.000000 0.000000 1.000000
  ending point: 1.000000 0.002265 1.520497 0.025071 -999.113953 => 0.389376
*** point 15 ***
starting point: 1.000000 0.078561 0.875275 0.863670 0.861620 => 0.330363
  direction: 1.000000 0.000000 0.000000 0.000000 0.000000
  ending point: 2.061820 0.078561 0.875275 0.863670 0.861620 => 0.389376
starting point: 1.000000 0.078561 0.875275 0.863670 0.861620 => 0.330363
  direction: 0.000000 1.000000 0.000000 0.000000 0.000000
  ending point: 1.000000 -0.077006 0.875275 0.863670 0.861620 => 0.389376
starting point: 1.000000 0.078561 0.875275 0.863670 0.861620 => 0.330363
  direction: 0.000000 0.000000 1.000000 0.000000 0.000000
  ending point: 1.000000 0.078561 13.138770 0.863670 0.861620 => 0.389376
starting point: 1.000000 0.078561 0.875275 0.863670 0.861620 => 0.330363
  direction: 0.000000 0.000000 0.000000 1.000000 0.000000
  ending point: 1.000000 0.078561 0.875275 -3.764245 0.861620 => 0.378262
starting point: 1.000000 0.078561 0.875275 0.863670 0.861620 => 0.330363
  direction: 0.000000 0.000000 0.000000 0.000000 1.000000
  ending point: 1.000000 0.078561 0.875275 0.863670 -999.298950 => 0.389376
starting point: 2.061820 0.078561 0.875275 0.863670 0.861620 => 0.389376
  direction: 1.000000 0.000000 0.000000 0.000000 0.000000
  ending point: 2.061816 0.078561 0.875275 0.863670 0.861620 => 0.389376
starting point: 2.061820 0.078561 0.875275 0.863670 0.861620 => 0.389376
  direction: 0.000000 1.000000 0.000000 0.000000 0.000000
  ending point: 2.061820 -0.173106 0.875275 0.863670 0.861620 => 0.389376
starting point: 2.061820 0.078561 0.875275 0.863670 0.861620 => 0.389376
  direction: 0.000000 0.000000 1.000000 0.000000 0.000000
  ending point: 2.061820 0.078561 18.030216 0.863670 0.861620 => 0.389376
starting point: 2.061820 0.078561 0.875275 0.863670 0.861620 => 0.389376
  direction: 0.000000 0.000000 0.000000 1.000000 0.000000
  ending point: 2.061820 0.078561 0.875275 1.287654 0.861620 => 0.389376
starting point: 2.061820 0.078561 0.875275 0.863670 0.861620 => 0.389376
  direction: 0.000000 0.000000 0.000000 0.000000 1.000000
  ending point: 2.061820 0.078561 0.875275 0.863670 -999.001465 => 0.389376
*** point 16 ***
starting point: 1.000000 0.568587 1.477069 0.279958 -0.291903 => 0.330363
  direction: 1.000000 0.000000 0.000000 0.000000 0.000000
  ending point: 4.829119 0.568587 1.477069 0.279958 -0.291903 => 0.350250
starting point: 1.000000 0.568587 1.477069 0.279958 -0.291903 => 0.330363
  direction: 0.000000 1.000000 0.000000 0.000000 0.000000
  ending point: 1.000000 -0.057703 1.477069 0.279958 -0.291903 => 0.389376
starting point: 1.000000 0.568587 1.477069 0.279958 -0.291903 => 0.330363
  direction: 0.000000 0.000000 1.000000 0.000000 0.000000
  ending point: 1.000000 0.568587 3.403083 0.279958 -0.291903 => 0.378262
starting point: 1.000000 0.568587 1.477069 0.279958 -0.291903 => 0.330363
  direction: 0.000000 0.000000 0.000000 1.000000 0.000000
  ending point: 1.000000 0.568587 1.477069 1.118587 -0.291903 => 0.338363
starting point: 1.000000 0.568587 1.477069 0.279958 -0.291903 => 0.330363
  direction: 0.000000 0.000000 0.000000 0.000000 1.000000
  ending point: 1.000000 0.568587 1.477069 0.279958 -1003.065918 => 0.378262
starting point: 1.000000 -0.057703 1.477069 0.279958 -0.291903 => 0.389376
  direction: 1.000000 0.000000 0.000000 0.000000 0.000000
  ending point: 4.090703 -0.057703 1.477069 0.279958 -0.291903 => 0.389376
starting point: 1.000000 -0.057703 1.477069 0.279958 -0.291903 => 0.389376
  direction: 0.000000 1.000000 0.000000 0.000000 0.000000
  ending point: 1.000000 -0.057706 1.477069 0.279958 -0.291903 => 0.389376
starting point: 1.000000 -0.057703 1.477069 0.279958 -0.291903 => 0.389376
  direction: 0.000000 0.000000 1.000000 0.000000 0.000000
  ending point: 1.000000 -0.057703 9.801853 0.279958 -0.291903 => 0.389376
starting point: 1.000000 -0.057703 1.477069 0.279958 -0.291903 => 0.389376
  direction: 0.000000 0.000000 0.000000 1.000000 0.000000
  ending point: 1.000000 -0.057703 1.477069 5.351398 -0.291903 => 0.389376
starting point: 1.000000 -0.057703 1.477069 0.279958 -0.291903 => 0.389376
  direction: 0.000000 0.000000 0.000000 0.000000 1.000000
  ending point: 1.000000 -0.057703 1.477069 0.279958 -999.098633 => 0.389376
*** point 17 ***
starting point: 1.000000 0.331948 0.880209 0.760150 0.658402 => 0.338363
  direction: 1.000000 0.000000 0.000000 0.000000 0.000000
  ending point: 3.547312 0.331948 0.880209 0.760150 0.658402 => 0.350250
starting point: 1.000000 0.331948 0.880209 0.760150 0.658402 => 0.338363
  direction: 0.000000 1.000000 0.000000 0.000000 0.000000
  ending point: 1.000000 -0.077321 0.880209 0.760150 0.658402 => 0.389376
starting point: 1.000000 0.331948 0.880209 0.760150 0.658402 => 0.338363
  direction: 0.000000 0.000000 1.000000 0.000000 0.000000
  ending point: 1.000000 0.331948 5.001603 0.760150 0.658402 => 0.389376
starting point: 1.000000 0.331948 0.880209 0.760150 0.658402 => 0.338363
  direction: 0.000000 0.000000 0.000000 1.000000 0.000000
  ending point: 1.000000 0.331948 0.880209 0.848583 0.658402 => 0.338363
starting point: 1.000000 0.331948 0.880209 0.760150 0.658402 => 0.338363
  direction: 0.000000 0.000000 0.000000 0.000000 1.000000
  ending point: 1.000000 0.331948 0.880209 0.760150 -1001.763062 => 0.389376
starting point: 1.000000 -0.077321 0.880209 0.760150 0.658402 => 0.389376
  direction: 1.000000 0.000000 0.000000 0.000000 0.000000
  ending point: 2.683692 -0.077321 0.880209 0.760150 0.658402 => 0.389376
starting point: 1.000000 -0.077321 0.880209 0.760150 0.658402 => 0.389376
  direction: 0.000000 1.000000 0.000000 0.000000 0.000000
  ending point: 1.000000 -0.077321 0.880209 0.760150 0.658402 => 0.389376
starting point: 1.000000 -0.077321 0.880209 0.760150 0.658402 => 0.389376
  direction: 0.000000 0.000000 1.000000 0.000000 0.000000
  ending point: 1.000000 -0.077321 16.149103 0.760150 0.658402 => 0.389376
starting point: 1.000000 -0.077321 0.880209 0.760150 0.658402 => 0.389376
  direction: 0.000000 0.000000 0.000000 1.000000 0.000000
  ending point: 1.000000 -0.077321 0.880209 3.105564 0.658402 => 0.389376
starting point: 1.000000 -0.077321 0.880209 0.760150 0.658402 => 0.389376
  direction: 0.000000 0.000000 0.000000 0.000000 1.000000
  ending point: 1.000000 -0.077321 0.880209 0.760150 -998.696350 => 0.389376
*** point 18 ***
starting point: 1.000000 0.457936 1.786745 -0.299280 0.373340 => 0.330363
  direction: 1.000000 0.000000 0.000000 0.000000 0.000000
  ending point: 5.829160 0.457936 1.786745 -0.299280 0.373340 => 0.350250
starting point: 1.000000 0.457936 1.786745 -0.299280 0.373340 => 0.330363
  direction: 0.000000 1.000000 0.000000 0.000000 0.000000
  ending point: 1.000000 -0.018312 1.786745 -0.299280 0.373340 => 0.389376
starting point: 1.000000 0.457936 1.786745 -0.299280 0.373340 => 0.330363
  direction: 0.000000 0.000000 1.000000 0.000000 0.000000
  ending point: 1.000000 0.457936 3.128333 -0.299280 0.373340 => 0.378262
starting point: 1.000000 0.457936 1.786745 -0.299280 0.373340 => 0.330363
  direction: 0.000000 0.000000 0.000000 1.000000 0.000000
  ending point: 1.000000 0.457936 1.786745 -9.202699 0.373340 => 0.378262
starting point: 1.000000 0.457936 1.786745 -0.299280 0.373340 => 0.330363
  direction: 0.000000 0.000000 0.000000 0.000000 1.000000
  ending point: 1.000000 0.457936 1.786745 -0.299280 -1001.193054 => 0.378262
starting point: 1.000000 -0.018312 1.786745 -0.299280 0.373340 => 0.389376
  direction: 1.000000 0.000000 0.000000 0.000000 0.000000
  ending point: 4.610445 -0.018312 1.786745 -0.299280 0.373340 => 0.389376
starting point: 1.000000 -0.018312 1.786745 -0.299280 0.373340 => 0.389376
  direction: 0.000000 1.000000 0.000000 0.000000 0.000000
  ending point: 1.000000 -0.018323 1.786745 -0.299280 0.373340 => 0.389376
starting point: 1.000000 -0.018312 1.786745 -0.299280 0.373340 => 0.389376
  direction: 0.000000 0.000000 1.000000 0.000000 0.000000
  ending point: 1.000000 -0.018312 1.836868 -0.299280 0.373340 => 0.389376
starting point: 1.000000 -0.018312 1.786745 -0.299280 0.373340 => 0.389376
  direction: 0.000000 0.000000 0.000000 1.000000 0.000000
  ending point: 1.000000 -0.018312 1.786745 4.898388 0.373340 => 0.389376
starting point: 1.000000 -0.018312 1.786745 -0.299280 0.373340 => 0.389376
  direction: 0.000000 0.000000 0.000000 0.000000 1.000000
  ending point: 1.000000 -0.018312 1.786745 -0.299280 -999.520630 => 0.389376
*** point 19 ***
starting point: 1.000000 1.177280 1.314608 0.717353 -0.120880 => 0.338363
  direction: 1.000000 0.000000 0.000000 0.000000 0.000000
  ending point: 5.643743 1.177280 1.314608 0.717353 -0.120880 => 0.338527
starting point: 1.000000 1.177280 1.314608 0.717353 -0.120880 => 0.338363
  direction: 0.000000 1.000000 0.000000 0.000000 0.000000
  ending point: 1.000000 -0.092583 1.314608 0.717353 -0.120880 => 0.389376
starting point: 1.000000 1.177280 1.314608 0.717353 -0.120880 => 0.338363
  direction: 0.000000 0.000000 1.000000 0.000000 0.000000
  ending point: 1.000000 1.177280 7.514953 0.717353 -0.120880 => 0.378262
starting point: 1.000000 1.177280 1.314608 0.717353 -0.120880 => 0.338363
  direction: 0.000000 0.000000 0.000000 1.000000 0.000000
  ending point: 1.000000 1.177280 1.314608 -5.735549 -0.120880 => 0.338527
starting point: 1.000000 1.177280 1.314608 0.717353 -0.120880 => 0.338363
  direction: 0.000000 0.000000 0.000000 0.000000 1.000000
  ending point: 1.000000 1.177280 1.314608 0.717353 -1010.345764 => 0.378262
starting point: 1.000000 -0.092583 1.314608 0.717353 -0.120880 => 0.389376
  direction: 1.000000 0.000000 0.000000 0.000000 0.000000
  ending point: 3.914414 -0.092583 1.314608 0.717353 -0.120880 => 0.389376
starting point: 1.000000 -0.092583 1.314608 0.717353 -0.120880 => 0.389376
  direction: 0.000000 1.000000 0.000000 0.000000 0.000000
  ending point: 1.000000 -0.092584 1.314608 0.717353 -0.120880 => 0.389376
starting point: 1.000000 -0.092583 1.314608 0.717353 -0.120880 => 0.389376
  direction: 0.000000 0.000000 1.000000 0.000000 0.000000
  ending point: 1.000000 -0.092583 16.027246 0.717353 -0.120880 => 0.389376
starting point: 1.000000 -0.092583 1.314608 0.717353 -0.120880 => 0.389376
  direction: 0.000000 0.000000 0.000000 1.000000 0.000000
  ending point: 1.000000 -0.092583 1.314608 5.106331 -0.120880 => 0.389376
starting point: 1.000000 -0.092583 1.314608 0.717353 -0.120880 => 0.389376
  direction: 0.000000 0.000000 0.000000 0.000000 1.000000
  ending point: 1.000000 -0.092583 1.314608 0.717353 -998.800415 => 0.389376
Best point: 0.561486 -0.071771 0.044932 -0.171183 -0.150629 => 0.389376
